{"/Users/raimundomarin/Desktop/UANDES/Verificable/calendar-part-1-rjmarin/src/scripts/dbProvider.js": {"path":"/Users/raimundomarin/Desktop/UANDES/Verificable/calendar-part-1-rjmarin/src/scripts/dbProvider.js","statementMap":{"0":{"start":{"line":1,"column":12},"end":{"line":1,"column":28}},"1":{"start":{"line":4,"column":19},"end":{"line":10,"column":4}},"2":{"start":{"line":11,"column":2},"end":{"line":15,"column":5}},"3":{"start":{"line":12,"column":4},"end":{"line":14,"column":5}},"4":{"start":{"line":13,"column":6},"end":{"line":13,"column":19}},"5":{"start":{"line":16,"column":2},"end":{"line":16,"column":35}},"6":{"start":{"line":17,"column":2},"end":{"line":17,"column":20}},"7":{"start":{"line":21,"column":14},"end":{"line":21,"column":194}},"8":{"start":{"line":22,"column":2},"end":{"line":29,"column":5}},"9":{"start":{"line":23,"column":4},"end":{"line":28,"column":5}},"10":{"start":{"line":24,"column":6},"end":{"line":27,"column":7}},"11":{"start":{"line":25,"column":20},"end":{"line":25,"column":123}},"12":{"start":{"line":26,"column":21},"end":{"line":26,"column":44}},"13":{"start":{"line":30,"column":2},"end":{"line":30,"column":11}},"14":{"start":{"line":34,"column":14},"end":{"line":34,"column":151}},"15":{"start":{"line":35,"column":2},"end":{"line":44,"column":5}},"16":{"start":{"line":36,"column":22},"end":{"line":36,"column":63}},"17":{"start":{"line":37,"column":23},"end":{"line":37,"column":52}},"18":{"start":{"line":38,"column":4},"end":{"line":43,"column":5}},"19":{"start":{"line":39,"column":6},"end":{"line":42,"column":7}},"20":{"start":{"line":40,"column":20},"end":{"line":40,"column":109}},"21":{"start":{"line":41,"column":21},"end":{"line":41,"column":44}},"22":{"start":{"line":45,"column":2},"end":{"line":45,"column":11}},"23":{"start":{"line":48,"column":0},"end":{"line":52,"column":2}}},"fnMap":{"0":{"name":"dbConnect","decl":{"start":{"line":3,"column":9},"end":{"line":3,"column":18}},"loc":{"start":{"line":3,"column":21},"end":{"line":18,"column":1}},"line":3},"1":{"name":"(anonymous_1)","decl":{"start":{"line":11,"column":21},"end":{"line":11,"column":22}},"loc":{"start":{"line":11,"column":38},"end":{"line":15,"column":3}},"line":11},"2":{"name":"setEvent","decl":{"start":{"line":20,"column":9},"end":{"line":20,"column":17}},"loc":{"start":{"line":20,"column":84},"end":{"line":31,"column":1}},"line":20},"3":{"name":"(anonymous_3)","decl":{"start":{"line":22,"column":26},"end":{"line":22,"column":27}},"loc":{"start":{"line":22,"column":46},"end":{"line":29,"column":3}},"line":22},"4":{"name":"updateEvent","decl":{"start":{"line":33,"column":9},"end":{"line":33,"column":20}},"loc":{"start":{"line":33,"column":78},"end":{"line":46,"column":1}},"line":33},"5":{"name":"(anonymous_5)","decl":{"start":{"line":35,"column":26},"end":{"line":35,"column":27}},"loc":{"start":{"line":35,"column":38},"end":{"line":44,"column":3}},"line":35}},"branchMap":{"0":{"loc":{"start":{"line":12,"column":4},"end":{"line":14,"column":5}},"type":"if","locations":[{"start":{"line":12,"column":4},"end":{"line":14,"column":5}},{"start":{"line":12,"column":4},"end":{"line":14,"column":5}}],"line":12},"1":{"loc":{"start":{"line":23,"column":4},"end":{"line":28,"column":5}},"type":"if","locations":[{"start":{"line":23,"column":4},"end":{"line":28,"column":5}},{"start":{"line":23,"column":4},"end":{"line":28,"column":5}}],"line":23},"2":{"loc":{"start":{"line":38,"column":4},"end":{"line":43,"column":5}},"type":"if","locations":[{"start":{"line":38,"column":4},"end":{"line":43,"column":5}},{"start":{"line":38,"column":4},"end":{"line":43,"column":5}}],"line":38}},"s":{"0":1,"1":1,"2":1,"3":0,"4":0,"5":1,"6":1,"7":1,"8":1,"9":0,"10":0,"11":0,"12":0,"13":1,"14":2,"15":2,"16":0,"17":0,"18":0,"19":0,"20":0,"21":0,"22":2,"23":1},"f":{"0":1,"1":0,"2":1,"3":0,"4":2,"5":0},"b":{"0":[0,0],"1":[0,0],"2":[0,0]},"_coverageSchema":"1a1c01bbd47fc00a2c39e90264f33305004495a9","hash":"6d25f1a328094918f17a7b43771e2ee956c15f71"}
,"/Users/raimundomarin/Desktop/UANDES/Verificable/calendar-part-1-rjmarin/src/scripts/login.js": {"path":"/Users/raimundomarin/Desktop/UANDES/Verificable/calendar-part-1-rjmarin/src/scripts/login.js","statementMap":{"0":{"start":{"line":1,"column":17},"end":{"line":1,"column":36}},"1":{"start":{"line":2,"column":12},"end":{"line":2,"column":32}},"2":{"start":{"line":3,"column":15},"end":{"line":3,"column":30}},"3":{"start":{"line":4,"column":21},"end":{"line":4,"column":42}},"4":{"start":{"line":5,"column":0},"end":{"line":5,"column":25}},"5":{"start":{"line":6,"column":0},"end":{"line":6,"column":8}},"6":{"start":{"line":10,"column":19},"end":{"line":10,"column":55}},"7":{"start":{"line":11,"column":4},"end":{"line":14,"column":5}},"8":{"start":{"line":12,"column":8},"end":{"line":12,"column":52}},"9":{"start":{"line":13,"column":8},"end":{"line":13,"column":34}},"10":{"start":{"line":15,"column":4},"end":{"line":27,"column":7}},"11":{"start":{"line":16,"column":23},"end":{"line":16,"column":65}},"12":{"start":{"line":17,"column":8},"end":{"line":25,"column":9}},"13":{"start":{"line":18,"column":12},"end":{"line":18,"column":35}},"14":{"start":{"line":19,"column":12},"end":{"line":19,"column":21}},"15":{"start":{"line":22,"column":12},"end":{"line":22,"column":40}},"16":{"start":{"line":23,"column":25},"end":{"line":23,"column":50}},"17":{"start":{"line":24,"column":12},"end":{"line":24,"column":27}},"18":{"start":{"line":26,"column":8},"end":{"line":26,"column":17}},"19":{"start":{"line":28,"column":4},"end":{"line":28,"column":13}},"20":{"start":{"line":34,"column":4},"end":{"line":34,"column":45}},"21":{"start":{"line":35,"column":4},"end":{"line":35,"column":30}},"22":{"start":{"line":36,"column":4},"end":{"line":36,"column":30}},"23":{"start":{"line":37,"column":4},"end":{"line":37,"column":17}},"24":{"start":{"line":40,"column":0},"end":{"line":43,"column":2}}},"fnMap":{"0":{"name":"login","decl":{"start":{"line":9,"column":9},"end":{"line":9,"column":14}},"loc":{"start":{"line":9,"column":18},"end":{"line":30,"column":1}},"line":9},"1":{"name":"(anonymous_1)","decl":{"start":{"line":15,"column":39},"end":{"line":15,"column":40}},"loc":{"start":{"line":15,"column":51},"end":{"line":27,"column":5}},"line":15},"2":{"name":"errorMsg","decl":{"start":{"line":32,"column":9},"end":{"line":32,"column":17}},"loc":{"start":{"line":32,"column":28},"end":{"line":38,"column":1}},"line":32}},"branchMap":{"0":{"loc":{"start":{"line":11,"column":4},"end":{"line":14,"column":5}},"type":"if","locations":[{"start":{"line":11,"column":4},"end":{"line":14,"column":5}},{"start":{"line":11,"column":4},"end":{"line":14,"column":5}}],"line":11},"1":{"loc":{"start":{"line":17,"column":8},"end":{"line":25,"column":9}},"type":"if","locations":[{"start":{"line":17,"column":8},"end":{"line":25,"column":9}},{"start":{"line":17,"column":8},"end":{"line":25,"column":9}}],"line":17}},"s":{"0":1,"1":1,"2":1,"3":1,"4":1,"5":1,"6":2,"7":2,"8":1,"9":1,"10":2,"11":1,"12":1,"13":1,"14":1,"15":0,"16":0,"17":0,"18":0,"19":2,"20":2,"21":2,"22":2,"23":2,"24":1},"f":{"0":2,"1":1,"2":2},"b":{"0":[1,1],"1":[1,0]},"_coverageSchema":"1a1c01bbd47fc00a2c39e90264f33305004495a9","hash":"ef18e8bb1267ab8921224f7ae5d4137cf20e427a"}
,"/Users/raimundomarin/Desktop/UANDES/Verificable/calendar-part-1-rjmarin/src/scripts/modal.js": {"path":"/Users/raimundomarin/Desktop/UANDES/Verificable/calendar-part-1-rjmarin/src/scripts/modal.js","statementMap":{"0":{"start":{"line":1,"column":17},"end":{"line":1,"column":36}},"1":{"start":{"line":2,"column":12},"end":{"line":2,"column":32}},"2":{"start":{"line":3,"column":15},"end":{"line":3,"column":30}},"3":{"start":{"line":5,"column":22},"end":{"line":5,"column":24}},"4":{"start":{"line":6,"column":21},"end":{"line":6,"column":79}},"5":{"start":{"line":7,"column":14},"end":{"line":7,"column":29}},"6":{"start":{"line":8,"column":21},"end":{"line":8,"column":85}},"7":{"start":{"line":9,"column":22},"end":{"line":9,"column":87}},"8":{"start":{"line":10,"column":25},"end":{"line":10,"column":93}},"9":{"start":{"line":12,"column":0},"end":{"line":20,"column":3}},"10":{"start":{"line":13,"column":4},"end":{"line":13,"column":15}},"11":{"start":{"line":14,"column":4},"end":{"line":14,"column":35}},"12":{"start":{"line":15,"column":4},"end":{"line":15,"column":37}},"13":{"start":{"line":16,"column":4},"end":{"line":16,"column":15}},"14":{"start":{"line":17,"column":4},"end":{"line":17,"column":16}},"15":{"start":{"line":18,"column":4},"end":{"line":18,"column":17}},"16":{"start":{"line":19,"column":4},"end":{"line":19,"column":18}},"17":{"start":{"line":23,"column":16},"end":{"line":23,"column":41}},"18":{"start":{"line":24,"column":4},"end":{"line":26,"column":5}},"19":{"start":{"line":25,"column":8},"end":{"line":25,"column":91}},"20":{"start":{"line":30,"column":4},"end":{"line":30,"column":35}},"21":{"start":{"line":31,"column":4},"end":{"line":41,"column":7}},"22":{"start":{"line":32,"column":8},"end":{"line":32,"column":27}},"23":{"start":{"line":33,"column":8},"end":{"line":33,"column":32}},"24":{"start":{"line":34,"column":12},"end":{"line":34,"column":68}},"25":{"start":{"line":35,"column":12},"end":{"line":35,"column":80}},"26":{"start":{"line":36,"column":12},"end":{"line":36,"column":72}},"27":{"start":{"line":37,"column":12},"end":{"line":37,"column":68}},"28":{"start":{"line":38,"column":12},"end":{"line":38,"column":34}},"29":{"start":{"line":39,"column":28},"end":{"line":39,"column":67}},"30":{"start":{"line":40,"column":12},"end":{"line":40,"column":39}},"31":{"start":{"line":42,"column":4},"end":{"line":52,"column":7}},"32":{"start":{"line":43,"column":27},"end":{"line":43,"column":29}},"33":{"start":{"line":44,"column":8},"end":{"line":51,"column":9}},"34":{"start":{"line":45,"column":12},"end":{"line":47,"column":15}},"35":{"start":{"line":46,"column":16},"end":{"line":46,"column":70}},"36":{"start":{"line":48,"column":12},"end":{"line":50,"column":13}},"37":{"start":{"line":49,"column":16},"end":{"line":49,"column":70}},"38":{"start":{"line":56,"column":17},"end":{"line":56,"column":54}},"39":{"start":{"line":57,"column":4},"end":{"line":73,"column":7}},"40":{"start":{"line":58,"column":8},"end":{"line":58,"column":34}},"41":{"start":{"line":59,"column":8},"end":{"line":72,"column":9}},"42":{"start":{"line":60,"column":12},"end":{"line":60,"column":35}},"43":{"start":{"line":62,"column":12},"end":{"line":66,"column":13}},"44":{"start":{"line":63,"column":16},"end":{"line":63,"column":106}},"45":{"start":{"line":65,"column":16},"end":{"line":65,"column":93}},"46":{"start":{"line":67,"column":28},"end":{"line":67,"column":67}},"47":{"start":{"line":68,"column":12},"end":{"line":68,"column":38}},"48":{"start":{"line":69,"column":12},"end":{"line":69,"column":26}},"49":{"start":{"line":70,"column":25},"end":{"line":70,"column":50}},"50":{"start":{"line":71,"column":12},"end":{"line":71,"column":27}},"51":{"start":{"line":77,"column":4},"end":{"line":77,"column":45}},"52":{"start":{"line":78,"column":4},"end":{"line":80,"column":5}},"53":{"start":{"line":79,"column":8},"end":{"line":79,"column":46}},"54":{"start":{"line":81,"column":4},"end":{"line":81,"column":30}},"55":{"start":{"line":82,"column":4},"end":{"line":82,"column":30}},"56":{"start":{"line":83,"column":4},"end":{"line":83,"column":17}},"57":{"start":{"line":87,"column":20},"end":{"line":87,"column":59}},"58":{"start":{"line":88,"column":4},"end":{"line":96,"column":7}},"59":{"start":{"line":89,"column":8},"end":{"line":89,"column":42}},"60":{"start":{"line":90,"column":24},"end":{"line":90,"column":63}},"61":{"start":{"line":91,"column":8},"end":{"line":91,"column":34}},"62":{"start":{"line":92,"column":8},"end":{"line":92,"column":22}},"63":{"start":{"line":93,"column":21},"end":{"line":93,"column":46}},"64":{"start":{"line":94,"column":8},"end":{"line":94,"column":23}},"65":{"start":{"line":95,"column":8},"end":{"line":95,"column":17}},"66":{"start":{"line":97,"column":4},"end":{"line":97,"column":13}}},"fnMap":{"0":{"name":"(anonymous_0)","decl":{"start":{"line":12,"column":18},"end":{"line":12,"column":19}},"loc":{"start":{"line":12,"column":30},"end":{"line":20,"column":1}},"line":12},"1":{"name":"getUsers","decl":{"start":{"line":22,"column":9},"end":{"line":22,"column":17}},"loc":{"start":{"line":22,"column":20},"end":{"line":27,"column":1}},"line":22},"2":{"name":"getEvent","decl":{"start":{"line":29,"column":9},"end":{"line":29,"column":17}},"loc":{"start":{"line":29,"column":20},"end":{"line":53,"column":1}},"line":29},"3":{"name":"(anonymous_3)","decl":{"start":{"line":31,"column":20},"end":{"line":31,"column":21}},"loc":{"start":{"line":31,"column":40},"end":{"line":41,"column":5}},"line":31},"4":{"name":"(anonymous_4)","decl":{"start":{"line":42,"column":20},"end":{"line":42,"column":21}},"loc":{"start":{"line":42,"column":41},"end":{"line":52,"column":5}},"line":42},"5":{"name":"(anonymous_5)","decl":{"start":{"line":45,"column":23},"end":{"line":45,"column":24}},"loc":{"start":{"line":45,"column":40},"end":{"line":47,"column":13}},"line":45},"6":{"name":"saveEvent","decl":{"start":{"line":55,"column":9},"end":{"line":55,"column":18}},"loc":{"start":{"line":55,"column":22},"end":{"line":74,"column":1}},"line":55},"7":{"name":"(anonymous_7)","decl":{"start":{"line":57,"column":37},"end":{"line":57,"column":38}},"loc":{"start":{"line":57,"column":49},"end":{"line":73,"column":5}},"line":57},"8":{"name":"errorMsg","decl":{"start":{"line":76,"column":9},"end":{"line":76,"column":17}},"loc":{"start":{"line":76,"column":28},"end":{"line":84,"column":1}},"line":76},"9":{"name":"deleteEvent","decl":{"start":{"line":86,"column":9},"end":{"line":86,"column":20}},"loc":{"start":{"line":86,"column":24},"end":{"line":98,"column":1}},"line":86},"10":{"name":"(anonymous_10)","decl":{"start":{"line":88,"column":40},"end":{"line":88,"column":41}},"loc":{"start":{"line":88,"column":52},"end":{"line":96,"column":5}},"line":88}},"branchMap":{"0":{"loc":{"start":{"line":33,"column":8},"end":{"line":33,"column":32}},"type":"if","locations":[{"start":{"line":33,"column":8},"end":{"line":33,"column":32}},{"start":{"line":33,"column":8},"end":{"line":33,"column":32}}],"line":33},"1":{"loc":{"start":{"line":44,"column":8},"end":{"line":51,"column":9}},"type":"if","locations":[{"start":{"line":44,"column":8},"end":{"line":51,"column":9}},{"start":{"line":44,"column":8},"end":{"line":51,"column":9}}],"line":44},"2":{"loc":{"start":{"line":48,"column":12},"end":{"line":50,"column":13}},"type":"if","locations":[{"start":{"line":48,"column":12},"end":{"line":50,"column":13}},{"start":{"line":48,"column":12},"end":{"line":50,"column":13}}],"line":48},"3":{"loc":{"start":{"line":59,"column":8},"end":{"line":72,"column":9}},"type":"if","locations":[{"start":{"line":59,"column":8},"end":{"line":72,"column":9}},{"start":{"line":59,"column":8},"end":{"line":72,"column":9}}],"line":59},"4":{"loc":{"start":{"line":62,"column":12},"end":{"line":66,"column":13}},"type":"if","locations":[{"start":{"line":62,"column":12},"end":{"line":66,"column":13}},{"start":{"line":62,"column":12},"end":{"line":66,"column":13}}],"line":62},"5":{"loc":{"start":{"line":78,"column":4},"end":{"line":80,"column":5}},"type":"if","locations":[{"start":{"line":78,"column":4},"end":{"line":80,"column":5}},{"start":{"line":78,"column":4},"end":{"line":80,"column":5}}],"line":78}},"s":{"0":0,"1":0,"2":0,"3":0,"4":0,"5":0,"6":0,"7":0,"8":0,"9":0,"10":0,"11":0,"12":0,"13":0,"14":0,"15":0,"16":0,"17":0,"18":0,"19":0,"20":0,"21":0,"22":0,"23":0,"24":0,"25":0,"26":0,"27":0,"28":0,"29":0,"30":0,"31":0,"32":0,"33":0,"34":0,"35":0,"36":0,"37":0,"38":0,"39":0,"40":0,"41":0,"42":0,"43":0,"44":0,"45":0,"46":0,"47":0,"48":0,"49":0,"50":0,"51":0,"52":0,"53":0,"54":0,"55":0,"56":0,"57":0,"58":0,"59":0,"60":0,"61":0,"62":0,"63":0,"64":0,"65":0,"66":0},"f":{"0":0,"1":0,"2":0,"3":0,"4":0,"5":0,"6":0,"7":0,"8":0,"9":0,"10":0},"b":{"0":[0,0],"1":[0,0],"2":[0,0],"3":[0,0],"4":[0,0],"5":[0,0]}}
,"/Users/raimundomarin/Desktop/UANDES/Verificable/calendar-part-1-rjmarin/src/scripts/renderer.js": {"path":"/Users/raimundomarin/Desktop/UANDES/Verificable/calendar-part-1-rjmarin/src/scripts/renderer.js","statementMap":{"0":{"start":{"line":4,"column":4},"end":{"line":4,"column":23}},"1":{"start":{"line":5,"column":14},"end":{"line":5,"column":29}},"2":{"start":{"line":6,"column":22},"end":{"line":6,"column":42}},"3":{"start":{"line":7,"column":12},"end":{"line":7,"column":23}},"4":{"start":{"line":8,"column":17},"end":{"line":8,"column":73}},"5":{"start":{"line":9,"column":19},"end":{"line":11,"column":1}},"6":{"start":{"line":12,"column":21},"end":{"line":12,"column":25}},"7":{"start":{"line":13,"column":19},"end":{"line":13,"column":23}},"8":{"start":{"line":14,"column":18},"end":{"line":14,"column":19}},"9":{"start":{"line":15,"column":21},"end":{"line":15,"column":23}},"10":{"start":{"line":16,"column":24},"end":{"line":16,"column":25}},"11":{"start":{"line":17,"column":18},"end":{"line":17,"column":19}},"12":{"start":{"line":18,"column":13},"end":{"line":18,"column":14}},"13":{"start":{"line":19,"column":14},"end":{"line":19,"column":16}},"14":{"start":{"line":20,"column":17},"end":{"line":20,"column":18}},"15":{"start":{"line":21,"column":15},"end":{"line":21,"column":16}},"16":{"start":{"line":22,"column":12},"end":{"line":22,"column":22}},"17":{"start":{"line":23,"column":19},"end":{"line":23,"column":35}},"18":{"start":{"line":24,"column":18},"end":{"line":24,"column":37}},"19":{"start":{"line":25,"column":18},"end":{"line":25,"column":33}},"20":{"start":{"line":26,"column":19},"end":{"line":26,"column":20}},"21":{"start":{"line":27,"column":23},"end":{"line":27,"column":24}},"22":{"start":{"line":28,"column":24},"end":{"line":28,"column":25}},"23":{"start":{"line":30,"column":23},"end":{"line":30,"column":92}},"24":{"start":{"line":31,"column":24},"end":{"line":31,"column":94}},"25":{"start":{"line":32,"column":22},"end":{"line":32,"column":90}},"26":{"start":{"line":33,"column":21},"end":{"line":33,"column":88}},"27":{"start":{"line":34,"column":0},"end":{"line":34,"column":10}},"28":{"start":{"line":35,"column":0},"end":{"line":35,"column":14}},"29":{"start":{"line":36,"column":0},"end":{"line":36,"column":13}},"30":{"start":{"line":37,"column":0},"end":{"line":37,"column":17}},"31":{"start":{"line":38,"column":0},"end":{"line":38,"column":19}},"32":{"start":{"line":39,"column":0},"end":{"line":39,"column":47}},"33":{"start":{"line":40,"column":0},"end":{"line":40,"column":11}},"34":{"start":{"line":41,"column":0},"end":{"line":41,"column":15}},"35":{"start":{"line":45,"column":2},"end":{"line":45,"column":37}},"36":{"start":{"line":46,"column":2},"end":{"line":46,"column":20}},"37":{"start":{"line":50,"column":2},"end":{"line":50,"column":33}},"38":{"start":{"line":51,"column":2},"end":{"line":51,"column":35}},"39":{"start":{"line":52,"column":2},"end":{"line":52,"column":31}},"40":{"start":{"line":58,"column":22},"end":{"line":67,"column":4}},"41":{"start":{"line":68,"column":2},"end":{"line":68,"column":21}},"42":{"start":{"line":72,"column":2},"end":{"line":72,"column":23}},"43":{"start":{"line":73,"column":2},"end":{"line":73,"column":37}},"44":{"start":{"line":74,"column":2},"end":{"line":74,"column":30}},"45":{"start":{"line":75,"column":2},"end":{"line":75,"column":52}},"46":{"start":{"line":76,"column":2},"end":{"line":76,"column":21}},"47":{"start":{"line":77,"column":2},"end":{"line":83,"column":5}},"48":{"start":{"line":78,"column":4},"end":{"line":82,"column":5}},"49":{"start":{"line":79,"column":6},"end":{"line":79,"column":65}},"50":{"start":{"line":81,"column":6},"end":{"line":81,"column":53}},"51":{"start":{"line":89,"column":2},"end":{"line":89,"column":28}},"52":{"start":{"line":90,"column":2},"end":{"line":103,"column":3}},"53":{"start":{"line":91,"column":4},"end":{"line":91,"column":70}},"54":{"start":{"line":92,"column":4},"end":{"line":95,"column":5}},"55":{"start":{"line":93,"column":6},"end":{"line":93,"column":43}},"56":{"start":{"line":94,"column":6},"end":{"line":94,"column":114}},"57":{"start":{"line":97,"column":4},"end":{"line":97,"column":70}},"58":{"start":{"line":98,"column":4},"end":{"line":101,"column":5}},"59":{"start":{"line":99,"column":6},"end":{"line":99,"column":42}},"60":{"start":{"line":100,"column":6},"end":{"line":100,"column":78}},"61":{"start":{"line":111,"column":2},"end":{"line":111,"column":70}},"62":{"start":{"line":112,"column":2},"end":{"line":116,"column":5}},"63":{"start":{"line":113,"column":4},"end":{"line":113,"column":36}},"64":{"start":{"line":114,"column":4},"end":{"line":114,"column":72}},"65":{"start":{"line":115,"column":4},"end":{"line":115,"column":23}},"66":{"start":{"line":117,"column":2},"end":{"line":117,"column":72}},"67":{"start":{"line":118,"column":2},"end":{"line":122,"column":5}},"68":{"start":{"line":119,"column":4},"end":{"line":119,"column":37}},"69":{"start":{"line":120,"column":4},"end":{"line":120,"column":51}},"70":{"start":{"line":121,"column":4},"end":{"line":121,"column":23}},"71":{"start":{"line":126,"column":2},"end":{"line":132,"column":3}},"72":{"start":{"line":127,"column":4},"end":{"line":127,"column":72}},"73":{"start":{"line":128,"column":4},"end":{"line":128,"column":65}},"74":{"start":{"line":130,"column":4},"end":{"line":130,"column":70}},"75":{"start":{"line":131,"column":4},"end":{"line":131,"column":66}},"76":{"start":{"line":137,"column":2},"end":{"line":137,"column":58}},"77":{"start":{"line":138,"column":2},"end":{"line":138,"column":47}},"78":{"start":{"line":139,"column":2},"end":{"line":139,"column":49}},"79":{"start":{"line":143,"column":2},"end":{"line":143,"column":56}},"80":{"start":{"line":144,"column":2},"end":{"line":144,"column":45}},"81":{"start":{"line":145,"column":2},"end":{"line":145,"column":49}},"82":{"start":{"line":149,"column":2},"end":{"line":149,"column":53}},"83":{"start":{"line":150,"column":2},"end":{"line":153,"column":5}},"84":{"start":{"line":151,"column":4},"end":{"line":151,"column":21}},"85":{"start":{"line":152,"column":4},"end":{"line":152,"column":63}},"86":{"start":{"line":157,"column":2},"end":{"line":157,"column":57}},"87":{"start":{"line":158,"column":2},"end":{"line":161,"column":5}},"88":{"start":{"line":159,"column":4},"end":{"line":159,"column":21}},"89":{"start":{"line":160,"column":4},"end":{"line":160,"column":63}},"90":{"start":{"line":167,"column":2},"end":{"line":167,"column":46}},"91":{"start":{"line":168,"column":2},"end":{"line":168,"column":31}},"92":{"start":{"line":169,"column":2},"end":{"line":169,"column":86}},"93":{"start":{"line":171,"column":17},"end":{"line":171,"column":34}},"94":{"start":{"line":172,"column":2},"end":{"line":174,"column":3}},"95":{"start":{"line":173,"column":4},"end":{"line":173,"column":31}},"96":{"start":{"line":175,"column":20},"end":{"line":175,"column":49}},"97":{"start":{"line":176,"column":21},"end":{"line":176,"column":63}},"98":{"start":{"line":177,"column":2},"end":{"line":177,"column":30}},"99":{"start":{"line":178,"column":19},"end":{"line":178,"column":20}},"100":{"start":{"line":179,"column":18},"end":{"line":179,"column":42}},"101":{"start":{"line":180,"column":2},"end":{"line":206,"column":3}},"102":{"start":{"line":180,"column":19},"end":{"line":180,"column":20}},"103":{"start":{"line":181,"column":4},"end":{"line":183,"column":5}},"104":{"start":{"line":182,"column":6},"end":{"line":182,"column":12}},"105":{"start":{"line":184,"column":15},"end":{"line":184,"column":44}},"106":{"start":{"line":185,"column":4},"end":{"line":185,"column":38}},"107":{"start":{"line":186,"column":4},"end":{"line":204,"column":5}},"108":{"start":{"line":186,"column":20},"end":{"line":186,"column":21}},"109":{"start":{"line":187,"column":16},"end":{"line":187,"column":45}},"110":{"start":{"line":188,"column":6},"end":{"line":188,"column":38}},"111":{"start":{"line":189,"column":6},"end":{"line":189,"column":63}},"112":{"start":{"line":190,"column":6},"end":{"line":192,"column":7}},"113":{"start":{"line":191,"column":8},"end":{"line":191,"column":37}},"114":{"start":{"line":194,"column":6},"end":{"line":203,"column":7}},"115":{"start":{"line":195,"column":8},"end":{"line":195,"column":48}},"116":{"start":{"line":196,"column":8},"end":{"line":196,"column":35}},"117":{"start":{"line":197,"column":8},"end":{"line":197,"column":30}},"118":{"start":{"line":199,"column":8},"end":{"line":199,"column":56}},"119":{"start":{"line":200,"column":8},"end":{"line":200,"column":35}},"120":{"start":{"line":201,"column":8},"end":{"line":201,"column":30}},"121":{"start":{"line":202,"column":8},"end":{"line":202,"column":21}},"122":{"start":{"line":205,"column":4},"end":{"line":205,"column":35}},"123":{"start":{"line":207,"column":2},"end":{"line":207,"column":19}},"124":{"start":{"line":212,"column":2},"end":{"line":212,"column":42}},"125":{"start":{"line":213,"column":2},"end":{"line":213,"column":57}},"126":{"start":{"line":214,"column":2},"end":{"line":214,"column":20}},"127":{"start":{"line":215,"column":2},"end":{"line":215,"column":68}},"128":{"start":{"line":216,"column":2},"end":{"line":216,"column":100}},"129":{"start":{"line":217,"column":21},"end":{"line":217,"column":63}},"130":{"start":{"line":218,"column":2},"end":{"line":218,"column":30}},"131":{"start":{"line":219,"column":18},"end":{"line":219,"column":42}},"132":{"start":{"line":220,"column":2},"end":{"line":236,"column":3}},"133":{"start":{"line":220,"column":18},"end":{"line":220,"column":19}},"134":{"start":{"line":221,"column":16},"end":{"line":221,"column":45}},"135":{"start":{"line":222,"column":4},"end":{"line":234,"column":5}},"136":{"start":{"line":222,"column":20},"end":{"line":222,"column":21}},"137":{"start":{"line":223,"column":6},"end":{"line":223,"column":41}},"138":{"start":{"line":224,"column":16},"end":{"line":224,"column":45}},"139":{"start":{"line":225,"column":6},"end":{"line":225,"column":38}},"140":{"start":{"line":226,"column":6},"end":{"line":226,"column":79}},"141":{"start":{"line":227,"column":6},"end":{"line":229,"column":7}},"142":{"start":{"line":228,"column":8},"end":{"line":228,"column":38}},"143":{"start":{"line":230,"column":6},"end":{"line":232,"column":7}},"144":{"start":{"line":231,"column":8},"end":{"line":231,"column":37}},"145":{"start":{"line":233,"column":6},"end":{"line":233,"column":29}},"146":{"start":{"line":235,"column":4},"end":{"line":235,"column":36}},"147":{"start":{"line":237,"column":2},"end":{"line":237,"column":18}},"148":{"start":{"line":243,"column":15},"end":{"line":243,"column":41}},"149":{"start":{"line":244,"column":2},"end":{"line":264,"column":3}},"150":{"start":{"line":245,"column":16},"end":{"line":245,"column":34}},"151":{"start":{"line":246,"column":16},"end":{"line":246,"column":37}},"152":{"start":{"line":247,"column":4},"end":{"line":247,"column":92}},"153":{"start":{"line":248,"column":4},"end":{"line":248,"column":48}},"154":{"start":{"line":249,"column":4},"end":{"line":251,"column":5}},"155":{"start":{"line":250,"column":6},"end":{"line":250,"column":15}},"156":{"start":{"line":252,"column":4},"end":{"line":252,"column":49}},"157":{"start":{"line":253,"column":4},"end":{"line":253,"column":48}},"158":{"start":{"line":254,"column":4},"end":{"line":254,"column":43}},"159":{"start":{"line":255,"column":4},"end":{"line":255,"column":48}},"160":{"start":{"line":256,"column":4},"end":{"line":256,"column":93}},"161":{"start":{"line":257,"column":4},"end":{"line":257,"column":41}},"162":{"start":{"line":258,"column":4},"end":{"line":258,"column":44}},"163":{"start":{"line":259,"column":4},"end":{"line":262,"column":5}},"164":{"start":{"line":260,"column":6},"end":{"line":260,"column":54}},"165":{"start":{"line":261,"column":6},"end":{"line":261,"column":87}},"166":{"start":{"line":263,"column":4},"end":{"line":263,"column":37}},"167":{"start":{"line":268,"column":15},"end":{"line":268,"column":41}},"168":{"start":{"line":269,"column":2},"end":{"line":294,"column":3}},"169":{"start":{"line":270,"column":16},"end":{"line":270,"column":34}},"170":{"start":{"line":271,"column":16},"end":{"line":271,"column":37}},"171":{"start":{"line":272,"column":14},"end":{"line":272,"column":33}},"172":{"start":{"line":273,"column":4},"end":{"line":273,"column":56}},"173":{"start":{"line":274,"column":4},"end":{"line":293,"column":5}},"174":{"start":{"line":275,"column":6},"end":{"line":275,"column":131}},"175":{"start":{"line":276,"column":6},"end":{"line":278,"column":7}},"176":{"start":{"line":277,"column":8},"end":{"line":277,"column":17}},"177":{"start":{"line":279,"column":22},"end":{"line":279,"column":136}},"178":{"start":{"line":280,"column":6},"end":{"line":280,"column":51}},"179":{"start":{"line":281,"column":6},"end":{"line":281,"column":50}},"180":{"start":{"line":282,"column":6},"end":{"line":282,"column":45}},"181":{"start":{"line":283,"column":6},"end":{"line":283,"column":50}},"182":{"start":{"line":284,"column":6},"end":{"line":284,"column":46}},"183":{"start":{"line":285,"column":6},"end":{"line":285,"column":41}},"184":{"start":{"line":286,"column":6},"end":{"line":286,"column":43}},"185":{"start":{"line":287,"column":6},"end":{"line":291,"column":7}},"186":{"start":{"line":288,"column":8},"end":{"line":288,"column":56}},"187":{"start":{"line":290,"column":8},"end":{"line":290,"column":89}},"188":{"start":{"line":292,"column":6},"end":{"line":292,"column":39}}},"fnMap":{"0":{"name":"getUser","decl":{"start":{"line":44,"column":11},"end":{"line":44,"column":18}},"loc":{"start":{"line":44,"column":22},"end":{"line":47,"column":1}},"line":44},"1":{"name":"currentDate","decl":{"start":{"line":49,"column":9},"end":{"line":49,"column":20}},"loc":{"start":{"line":49,"column":28},"end":{"line":53,"column":1}},"line":49},"2":{"name":"createModal","decl":{"start":{"line":57,"column":9},"end":{"line":57,"column":20}},"loc":{"start":{"line":57,"column":24},"end":{"line":69,"column":1}},"line":57},"3":{"name":"openModal","decl":{"start":{"line":71,"column":9},"end":{"line":71,"column":18}},"loc":{"start":{"line":71,"column":29},"end":{"line":84,"column":1}},"line":71},"4":{"name":"(anonymous_4)","decl":{"start":{"line":77,"column":27},"end":{"line":77,"column":28}},"loc":{"start":{"line":77,"column":39},"end":{"line":83,"column":3}},"line":77},"5":{"name":"getHeaderCalendar","decl":{"start":{"line":88,"column":9},"end":{"line":88,"column":26}},"loc":{"start":{"line":88,"column":47},"end":{"line":105,"column":1}},"line":88},"6":{"name":"changeCalendar","decl":{"start":{"line":110,"column":9},"end":{"line":110,"column":23}},"loc":{"start":{"line":110,"column":27},"end":{"line":123,"column":1}},"line":110},"7":{"name":"(anonymous_7)","decl":{"start":{"line":112,"column":52},"end":{"line":112,"column":53}},"loc":{"start":{"line":112,"column":64},"end":{"line":116,"column":3}},"line":112},"8":{"name":"(anonymous_8)","decl":{"start":{"line":118,"column":53},"end":{"line":118,"column":54}},"loc":{"start":{"line":118,"column":65},"end":{"line":122,"column":3}},"line":118},"9":{"name":"navegateCalendar","decl":{"start":{"line":125,"column":9},"end":{"line":125,"column":25}},"loc":{"start":{"line":125,"column":29},"end":{"line":133,"column":1}},"line":125},"10":{"name":"onChangeMonth","decl":{"start":{"line":136,"column":9},"end":{"line":136,"column":22}},"loc":{"start":{"line":136,"column":26},"end":{"line":140,"column":1}},"line":136},"11":{"name":"onChangeYear","decl":{"start":{"line":142,"column":9},"end":{"line":142,"column":21}},"loc":{"start":{"line":142,"column":25},"end":{"line":146,"column":1}},"line":142},"12":{"name":"nextWeek","decl":{"start":{"line":148,"column":9},"end":{"line":148,"column":17}},"loc":{"start":{"line":148,"column":20},"end":{"line":154,"column":1}},"line":148},"13":{"name":"(anonymous_13)","decl":{"start":{"line":150,"column":40},"end":{"line":150,"column":41}},"loc":{"start":{"line":150,"column":52},"end":{"line":153,"column":3}},"line":150},"14":{"name":"previousWeek","decl":{"start":{"line":156,"column":9},"end":{"line":156,"column":21}},"loc":{"start":{"line":156,"column":24},"end":{"line":162,"column":1}},"line":156},"15":{"name":"(anonymous_15)","decl":{"start":{"line":158,"column":44},"end":{"line":158,"column":45}},"loc":{"start":{"line":158,"column":56},"end":{"line":161,"column":3}},"line":158},"16":{"name":"createCalendarMonth","decl":{"start":{"line":166,"column":9},"end":{"line":166,"column":28}},"loc":{"start":{"line":166,"column":43},"end":{"line":208,"column":1}},"line":166},"17":{"name":"createCalendarWeek","decl":{"start":{"line":211,"column":9},"end":{"line":211,"column":27}},"loc":{"start":{"line":211,"column":52},"end":{"line":238,"column":1}},"line":211},"18":{"name":"fillEventMonth","decl":{"start":{"line":242,"column":9},"end":{"line":242,"column":23}},"loc":{"start":{"line":242,"column":27},"end":{"line":265,"column":1}},"line":242},"19":{"name":"fillEventWeek","decl":{"start":{"line":267,"column":9},"end":{"line":267,"column":22}},"loc":{"start":{"line":267,"column":25},"end":{"line":296,"column":1}},"line":267}},"branchMap":{"0":{"loc":{"start":{"line":78,"column":4},"end":{"line":82,"column":5}},"type":"if","locations":[{"start":{"line":78,"column":4},"end":{"line":82,"column":5}},{"start":{"line":78,"column":4},"end":{"line":82,"column":5}}],"line":78},"1":{"loc":{"start":{"line":90,"column":2},"end":{"line":103,"column":3}},"type":"if","locations":[{"start":{"line":90,"column":2},"end":{"line":103,"column":3}},{"start":{"line":90,"column":2},"end":{"line":103,"column":3}}],"line":90},"2":{"loc":{"start":{"line":126,"column":2},"end":{"line":132,"column":3}},"type":"if","locations":[{"start":{"line":126,"column":2},"end":{"line":132,"column":3}},{"start":{"line":126,"column":2},"end":{"line":132,"column":3}}],"line":126},"3":{"loc":{"start":{"line":172,"column":2},"end":{"line":174,"column":3}},"type":"if","locations":[{"start":{"line":172,"column":2},"end":{"line":174,"column":3}},{"start":{"line":172,"column":2},"end":{"line":174,"column":3}}],"line":172},"4":{"loc":{"start":{"line":181,"column":4},"end":{"line":183,"column":5}},"type":"if","locations":[{"start":{"line":181,"column":4},"end":{"line":183,"column":5}},{"start":{"line":181,"column":4},"end":{"line":183,"column":5}}],"line":181},"5":{"loc":{"start":{"line":190,"column":6},"end":{"line":192,"column":7}},"type":"if","locations":[{"start":{"line":190,"column":6},"end":{"line":192,"column":7}},{"start":{"line":190,"column":6},"end":{"line":192,"column":7}}],"line":190},"6":{"loc":{"start":{"line":190,"column":10},"end":{"line":190,"column":46}},"type":"binary-expr","locations":[{"start":{"line":190,"column":10},"end":{"line":190,"column":27}},{"start":{"line":190,"column":31},"end":{"line":190,"column":46}}],"line":190},"7":{"loc":{"start":{"line":194,"column":6},"end":{"line":203,"column":7}},"type":"if","locations":[{"start":{"line":194,"column":6},"end":{"line":203,"column":7}},{"start":{"line":194,"column":6},"end":{"line":203,"column":7}}],"line":194},"8":{"loc":{"start":{"line":194,"column":10},"end":{"line":194,"column":68}},"type":"binary-expr","locations":[{"start":{"line":194,"column":10},"end":{"line":194,"column":21}},{"start":{"line":194,"column":25},"end":{"line":194,"column":40}},{"start":{"line":194,"column":44},"end":{"line":194,"column":68}}],"line":194},"9":{"loc":{"start":{"line":227,"column":6},"end":{"line":229,"column":7}},"type":"if","locations":[{"start":{"line":227,"column":6},"end":{"line":229,"column":7}},{"start":{"line":227,"column":6},"end":{"line":229,"column":7}}],"line":227},"10":{"loc":{"start":{"line":230,"column":6},"end":{"line":232,"column":7}},"type":"if","locations":[{"start":{"line":230,"column":6},"end":{"line":232,"column":7}},{"start":{"line":230,"column":6},"end":{"line":232,"column":7}}],"line":230},"11":{"loc":{"start":{"line":230,"column":10},"end":{"line":230,"column":46}},"type":"binary-expr","locations":[{"start":{"line":230,"column":10},"end":{"line":230,"column":27}},{"start":{"line":230,"column":31},"end":{"line":230,"column":46}}],"line":230},"12":{"loc":{"start":{"line":249,"column":4},"end":{"line":251,"column":5}},"type":"if","locations":[{"start":{"line":249,"column":4},"end":{"line":251,"column":5}},{"start":{"line":249,"column":4},"end":{"line":251,"column":5}}],"line":249},"13":{"loc":{"start":{"line":259,"column":4},"end":{"line":262,"column":5}},"type":"if","locations":[{"start":{"line":259,"column":4},"end":{"line":262,"column":5}},{"start":{"line":259,"column":4},"end":{"line":262,"column":5}}],"line":259},"14":{"loc":{"start":{"line":276,"column":6},"end":{"line":278,"column":7}},"type":"if","locations":[{"start":{"line":276,"column":6},"end":{"line":278,"column":7}},{"start":{"line":276,"column":6},"end":{"line":278,"column":7}}],"line":276},"15":{"loc":{"start":{"line":287,"column":6},"end":{"line":291,"column":7}},"type":"if","locations":[{"start":{"line":287,"column":6},"end":{"line":291,"column":7}},{"start":{"line":287,"column":6},"end":{"line":291,"column":7}}],"line":287}},"s":{"0":0,"1":0,"2":0,"3":0,"4":0,"5":0,"6":0,"7":0,"8":0,"9":0,"10":0,"11":0,"12":0,"13":0,"14":0,"15":0,"16":0,"17":0,"18":0,"19":0,"20":0,"21":0,"22":0,"23":0,"24":0,"25":0,"26":0,"27":0,"28":0,"29":0,"30":0,"31":0,"32":0,"33":0,"34":0,"35":0,"36":0,"37":0,"38":0,"39":0,"40":0,"41":0,"42":0,"43":0,"44":0,"45":0,"46":0,"47":0,"48":0,"49":0,"50":0,"51":0,"52":0,"53":0,"54":0,"55":0,"56":0,"57":0,"58":0,"59":0,"60":0,"61":0,"62":0,"63":0,"64":0,"65":0,"66":0,"67":0,"68":0,"69":0,"70":0,"71":0,"72":0,"73":0,"74":0,"75":0,"76":0,"77":0,"78":0,"79":0,"80":0,"81":0,"82":0,"83":0,"84":0,"85":0,"86":0,"87":0,"88":0,"89":0,"90":0,"91":0,"92":0,"93":0,"94":0,"95":0,"96":0,"97":0,"98":0,"99":0,"100":0,"101":0,"102":0,"103":0,"104":0,"105":0,"106":0,"107":0,"108":0,"109":0,"110":0,"111":0,"112":0,"113":0,"114":0,"115":0,"116":0,"117":0,"118":0,"119":0,"120":0,"121":0,"122":0,"123":0,"124":0,"125":0,"126":0,"127":0,"128":0,"129":0,"130":0,"131":0,"132":0,"133":0,"134":0,"135":0,"136":0,"137":0,"138":0,"139":0,"140":0,"141":0,"142":0,"143":0,"144":0,"145":0,"146":0,"147":0,"148":0,"149":0,"150":0,"151":0,"152":0,"153":0,"154":0,"155":0,"156":0,"157":0,"158":0,"159":0,"160":0,"161":0,"162":0,"163":0,"164":0,"165":0,"166":0,"167":0,"168":0,"169":0,"170":0,"171":0,"172":0,"173":0,"174":0,"175":0,"176":0,"177":0,"178":0,"179":0,"180":0,"181":0,"182":0,"183":0,"184":0,"185":0,"186":0,"187":0,"188":0},"f":{"0":0,"1":0,"2":0,"3":0,"4":0,"5":0,"6":0,"7":0,"8":0,"9":0,"10":0,"11":0,"12":0,"13":0,"14":0,"15":0,"16":0,"17":0,"18":0,"19":0},"b":{"0":[0,0],"1":[0,0],"2":[0,0],"3":[0,0],"4":[0,0],"5":[0,0],"6":[0,0],"7":[0,0],"8":[0,0,0],"9":[0,0],"10":[0,0],"11":[0,0],"12":[0,0],"13":[0,0],"14":[0,0],"15":[0,0]}}
,"/Users/raimundomarin/Desktop/UANDES/Verificable/calendar-part-1-rjmarin/src/scripts/utils/modalutils.js": {"path":"/Users/raimundomarin/Desktop/UANDES/Verificable/calendar-part-1-rjmarin/src/scripts/utils/modalutils.js","statementMap":{"0":{"start":{"line":1,"column":17},"end":{"line":1,"column":36}},"1":{"start":{"line":2,"column":12},"end":{"line":2,"column":32}},"2":{"start":{"line":3,"column":15},"end":{"line":3,"column":30}},"3":{"start":{"line":4,"column":22},"end":{"line":4,"column":24}},"4":{"start":{"line":5,"column":21},"end":{"line":5,"column":79}},"5":{"start":{"line":6,"column":0},"end":{"line":6,"column":25}},"6":{"start":{"line":11,"column":19},"end":{"line":11,"column":55}},"7":{"start":{"line":12,"column":4},"end":{"line":18,"column":7}},"8":{"start":{"line":13,"column":24},"end":{"line":13,"column":63}},"9":{"start":{"line":14,"column":8},"end":{"line":14,"column":34}},"10":{"start":{"line":15,"column":21},"end":{"line":15,"column":46}},"11":{"start":{"line":16,"column":8},"end":{"line":16,"column":22}},"12":{"start":{"line":17,"column":8},"end":{"line":17,"column":23}},"13":{"start":{"line":19,"column":4},"end":{"line":19,"column":13}},"14":{"start":{"line":24,"column":17},"end":{"line":24,"column":19}},"15":{"start":{"line":25,"column":16},"end":{"line":25,"column":54}},"16":{"start":{"line":26,"column":22},"end":{"line":26,"column":66}},"17":{"start":{"line":27,"column":20},"end":{"line":27,"column":69}},"18":{"start":{"line":28,"column":16},"end":{"line":28,"column":68}},"19":{"start":{"line":29,"column":14},"end":{"line":29,"column":64}},"20":{"start":{"line":30,"column":4},"end":{"line":30,"column":23}},"21":{"start":{"line":31,"column":19},"end":{"line":31,"column":65}},"22":{"start":{"line":32,"column":17},"end":{"line":32,"column":59}},"23":{"start":{"line":33,"column":4},"end":{"line":45,"column":5}},"24":{"start":{"line":34,"column":12},"end":{"line":34,"column":35}},"25":{"start":{"line":35,"column":12},"end":{"line":35,"column":25}},"26":{"start":{"line":38,"column":8},"end":{"line":38,"column":91}},"27":{"start":{"line":39,"column":8},"end":{"line":39,"column":87}},"28":{"start":{"line":40,"column":8},"end":{"line":40,"column":27}},"29":{"start":{"line":41,"column":8},"end":{"line":41,"column":33}},"30":{"start":{"line":42,"column":8},"end":{"line":42,"column":33}},"31":{"start":{"line":43,"column":8},"end":{"line":43,"column":31}},"32":{"start":{"line":44,"column":8},"end":{"line":44,"column":31}},"33":{"start":{"line":46,"column":4},"end":{"line":46,"column":18}},"34":{"start":{"line":51,"column":17},"end":{"line":51,"column":54}},"35":{"start":{"line":52,"column":4},"end":{"line":68,"column":7}},"36":{"start":{"line":53,"column":8},"end":{"line":53,"column":34}},"37":{"start":{"line":54,"column":8},"end":{"line":67,"column":9}},"38":{"start":{"line":55,"column":12},"end":{"line":55,"column":35}},"39":{"start":{"line":57,"column":12},"end":{"line":61,"column":13}},"40":{"start":{"line":58,"column":16},"end":{"line":58,"column":106}},"41":{"start":{"line":60,"column":16},"end":{"line":60,"column":93}},"42":{"start":{"line":62,"column":28},"end":{"line":62,"column":67}},"43":{"start":{"line":63,"column":12},"end":{"line":63,"column":38}},"44":{"start":{"line":64,"column":12},"end":{"line":64,"column":26}},"45":{"start":{"line":65,"column":25},"end":{"line":65,"column":50}},"46":{"start":{"line":66,"column":12},"end":{"line":66,"column":27}},"47":{"start":{"line":72,"column":4},"end":{"line":72,"column":45}},"48":{"start":{"line":73,"column":4},"end":{"line":75,"column":5}},"49":{"start":{"line":74,"column":8},"end":{"line":74,"column":46}},"50":{"start":{"line":76,"column":4},"end":{"line":76,"column":30}},"51":{"start":{"line":77,"column":4},"end":{"line":77,"column":30}},"52":{"start":{"line":78,"column":4},"end":{"line":78,"column":17}},"53":{"start":{"line":84,"column":20},"end":{"line":84,"column":59}},"54":{"start":{"line":85,"column":4},"end":{"line":93,"column":7}},"55":{"start":{"line":86,"column":8},"end":{"line":86,"column":42}},"56":{"start":{"line":87,"column":24},"end":{"line":87,"column":63}},"57":{"start":{"line":88,"column":8},"end":{"line":88,"column":34}},"58":{"start":{"line":89,"column":8},"end":{"line":89,"column":22}},"59":{"start":{"line":90,"column":21},"end":{"line":90,"column":46}},"60":{"start":{"line":91,"column":8},"end":{"line":91,"column":23}},"61":{"start":{"line":92,"column":8},"end":{"line":92,"column":17}},"62":{"start":{"line":94,"column":4},"end":{"line":94,"column":13}},"63":{"start":{"line":98,"column":4},"end":{"line":98,"column":48}},"64":{"start":{"line":99,"column":4},"end":{"line":99,"column":48}},"65":{"start":{"line":100,"column":4},"end":{"line":100,"column":54}},"66":{"start":{"line":101,"column":4},"end":{"line":101,"column":52}},"67":{"start":{"line":102,"column":4},"end":{"line":102,"column":50}},"68":{"start":{"line":103,"column":4},"end":{"line":103,"column":13}},"69":{"start":{"line":106,"column":0},"end":{"line":113,"column":2}}},"fnMap":{"0":{"name":"closeModal","decl":{"start":{"line":10,"column":9},"end":{"line":10,"column":19}},"loc":{"start":{"line":10,"column":23},"end":{"line":20,"column":1}},"line":10},"1":{"name":"(anonymous_1)","decl":{"start":{"line":12,"column":39},"end":{"line":12,"column":40}},"loc":{"start":{"line":12,"column":51},"end":{"line":18,"column":5}},"line":12},"2":{"name":"getInputValues","decl":{"start":{"line":23,"column":9},"end":{"line":23,"column":23}},"loc":{"start":{"line":23,"column":27},"end":{"line":48,"column":1}},"line":23},"3":{"name":"saveEvent","decl":{"start":{"line":50,"column":9},"end":{"line":50,"column":18}},"loc":{"start":{"line":50,"column":22},"end":{"line":69,"column":1}},"line":50},"4":{"name":"(anonymous_4)","decl":{"start":{"line":52,"column":37},"end":{"line":52,"column":38}},"loc":{"start":{"line":52,"column":49},"end":{"line":68,"column":5}},"line":52},"5":{"name":"errorMsg","decl":{"start":{"line":71,"column":9},"end":{"line":71,"column":17}},"loc":{"start":{"line":71,"column":28},"end":{"line":79,"column":1}},"line":71},"6":{"name":"deleteEvent","decl":{"start":{"line":83,"column":9},"end":{"line":83,"column":20}},"loc":{"start":{"line":83,"column":24},"end":{"line":95,"column":1}},"line":83},"7":{"name":"(anonymous_7)","decl":{"start":{"line":85,"column":40},"end":{"line":85,"column":41}},"loc":{"start":{"line":85,"column":52},"end":{"line":93,"column":5}},"line":85},"8":{"name":"emptyInputs","decl":{"start":{"line":97,"column":9},"end":{"line":97,"column":20}},"loc":{"start":{"line":97,"column":24},"end":{"line":104,"column":1}},"line":97}},"branchMap":{"0":{"loc":{"start":{"line":33,"column":4},"end":{"line":45,"column":5}},"type":"if","locations":[{"start":{"line":33,"column":4},"end":{"line":45,"column":5}},{"start":{"line":33,"column":4},"end":{"line":45,"column":5}}],"line":33},"1":{"loc":{"start":{"line":33,"column":8},"end":{"line":33,"column":35}},"type":"binary-expr","locations":[{"start":{"line":33,"column":8},"end":{"line":33,"column":20}},{"start":{"line":33,"column":24},"end":{"line":33,"column":35}}],"line":33},"2":{"loc":{"start":{"line":54,"column":8},"end":{"line":67,"column":9}},"type":"if","locations":[{"start":{"line":54,"column":8},"end":{"line":67,"column":9}},{"start":{"line":54,"column":8},"end":{"line":67,"column":9}}],"line":54},"3":{"loc":{"start":{"line":57,"column":12},"end":{"line":61,"column":13}},"type":"if","locations":[{"start":{"line":57,"column":12},"end":{"line":61,"column":13}},{"start":{"line":57,"column":12},"end":{"line":61,"column":13}}],"line":57},"4":{"loc":{"start":{"line":73,"column":4},"end":{"line":75,"column":5}},"type":"if","locations":[{"start":{"line":73,"column":4},"end":{"line":75,"column":5}},{"start":{"line":73,"column":4},"end":{"line":75,"column":5}}],"line":73}},"s":{"0":1,"1":1,"2":1,"3":1,"4":1,"5":1,"6":1,"7":1,"8":0,"9":0,"10":0,"11":0,"12":0,"13":1,"14":1,"15":1,"16":1,"17":1,"18":1,"19":1,"20":1,"21":1,"22":1,"23":1,"24":1,"25":1,"26":0,"27":0,"28":0,"29":0,"30":0,"31":0,"32":0,"33":0,"34":0,"35":0,"36":0,"37":0,"38":0,"39":0,"40":0,"41":0,"42":0,"43":0,"44":0,"45":0,"46":0,"47":2,"48":2,"49":0,"50":2,"51":2,"52":2,"53":1,"54":1,"55":0,"56":0,"57":0,"58":0,"59":0,"60":0,"61":0,"62":1,"63":1,"64":1,"65":1,"66":1,"67":1,"68":1,"69":1},"f":{"0":1,"1":0,"2":1,"3":0,"4":0,"5":2,"6":1,"7":0,"8":1},"b":{"0":[1,0],"1":[1,0],"2":[0,0],"3":[0,0],"4":[0,2]},"_coverageSchema":"1a1c01bbd47fc00a2c39e90264f33305004495a9","hash":"e8941e3ba3a07f2339882cd62c7afcc070c6f8e8"}
,"/Users/raimundomarin/Desktop/UANDES/Verificable/calendar-part-1-rjmarin/src/scripts/utils/rendererUtils.js": {"path":"/Users/raimundomarin/Desktop/UANDES/Verificable/calendar-part-1-rjmarin/src/scripts/utils/rendererUtils.js","statementMap":{"0":{"start":{"line":4,"column":4},"end":{"line":4,"column":23}},"1":{"start":{"line":5,"column":19},"end":{"line":6,"column":65}},"2":{"start":{"line":7,"column":21},"end":{"line":7,"column":25}},"3":{"start":{"line":8,"column":19},"end":{"line":8,"column":23}},"4":{"start":{"line":9,"column":18},"end":{"line":9,"column":19}},"5":{"start":{"line":10,"column":13},"end":{"line":10,"column":14}},"6":{"start":{"line":11,"column":12},"end":{"line":11,"column":22}},"7":{"start":{"line":12,"column":19},"end":{"line":12,"column":35}},"8":{"start":{"line":13,"column":18},"end":{"line":13,"column":37}},"9":{"start":{"line":14,"column":18},"end":{"line":14,"column":33}},"10":{"start":{"line":17,"column":27},"end":{"line":17,"column":102}},"11":{"start":{"line":18,"column":17},"end":{"line":18,"column":45}},"12":{"start":{"line":19,"column":4},"end":{"line":21,"column":5}},"13":{"start":{"line":20,"column":8},"end":{"line":20,"column":48}},"14":{"start":{"line":22,"column":4},"end":{"line":22,"column":28}},"15":{"start":{"line":26,"column":4},"end":{"line":26,"column":54}},"16":{"start":{"line":30,"column":4},"end":{"line":30,"column":35}},"17":{"start":{"line":31,"column":4},"end":{"line":31,"column":37}},"18":{"start":{"line":32,"column":4},"end":{"line":32,"column":33}},"19":{"start":{"line":33,"column":4},"end":{"line":33,"column":51}},"20":{"start":{"line":37,"column":22},"end":{"line":37,"column":61}},"21":{"start":{"line":38,"column":4},"end":{"line":40,"column":5}},"22":{"start":{"line":39,"column":8},"end":{"line":39,"column":55}},"23":{"start":{"line":41,"column":4},"end":{"line":46,"column":5}},"24":{"start":{"line":42,"column":19},"end":{"line":42,"column":51}},"25":{"start":{"line":43,"column":6},"end":{"line":43,"column":42}},"26":{"start":{"line":44,"column":6},"end":{"line":44,"column":43}},"27":{"start":{"line":45,"column":6},"end":{"line":45,"column":38}},"28":{"start":{"line":47,"column":4},"end":{"line":47,"column":13}},"29":{"start":{"line":51,"column":21},"end":{"line":51,"column":59}},"30":{"start":{"line":52,"column":4},"end":{"line":54,"column":5}},"31":{"start":{"line":53,"column":8},"end":{"line":53,"column":54}},"32":{"start":{"line":55,"column":4},"end":{"line":60,"column":5}},"33":{"start":{"line":55,"column":20},"end":{"line":55,"column":32}},"34":{"start":{"line":56,"column":19},"end":{"line":56,"column":51}},"35":{"start":{"line":57,"column":6},"end":{"line":57,"column":41}},"36":{"start":{"line":58,"column":6},"end":{"line":58,"column":30}},"37":{"start":{"line":59,"column":6},"end":{"line":59,"column":37}},"38":{"start":{"line":61,"column":4},"end":{"line":61,"column":13}},"39":{"start":{"line":64,"column":0},"end":{"line":71,"column":4}}},"fnMap":{"0":{"name":"getDaysInWeek","decl":{"start":{"line":16,"column":9},"end":{"line":16,"column":22}},"loc":{"start":{"line":16,"column":34},"end":{"line":23,"column":1}},"line":16},"1":{"name":"daysInMonths","decl":{"start":{"line":25,"column":9},"end":{"line":25,"column":21}},"loc":{"start":{"line":25,"column":36},"end":{"line":27,"column":1}},"line":25},"2":{"name":"currentDate","decl":{"start":{"line":29,"column":9},"end":{"line":29,"column":20}},"loc":{"start":{"line":29,"column":28},"end":{"line":34,"column":1}},"line":29},"3":{"name":"monthSelect","decl":{"start":{"line":36,"column":9},"end":{"line":36,"column":20}},"loc":{"start":{"line":36,"column":24},"end":{"line":48,"column":1}},"line":36},"4":{"name":"yearSelect","decl":{"start":{"line":50,"column":9},"end":{"line":50,"column":19}},"loc":{"start":{"line":50,"column":23},"end":{"line":62,"column":1}},"line":50}},"branchMap":{"0":{"loc":{"start":{"line":19,"column":11},"end":{"line":19,"column":102}},"type":"binary-expr","locations":[{"start":{"line":19,"column":11},"end":{"line":19,"column":67}},{"start":{"line":19,"column":71},"end":{"line":19,"column":102}}],"line":19},"1":{"loc":{"start":{"line":38,"column":4},"end":{"line":40,"column":5}},"type":"if","locations":[{"start":{"line":38,"column":4},"end":{"line":40,"column":5}},{"start":{"line":38,"column":4},"end":{"line":40,"column":5}}],"line":38},"2":{"loc":{"start":{"line":52,"column":4},"end":{"line":54,"column":5}},"type":"if","locations":[{"start":{"line":52,"column":4},"end":{"line":54,"column":5}},{"start":{"line":52,"column":4},"end":{"line":54,"column":5}}],"line":52}},"s":{"0":1,"1":1,"2":1,"3":1,"4":1,"5":1,"6":1,"7":1,"8":1,"9":1,"10":1,"11":1,"12":1,"13":6,"14":1,"15":1,"16":1,"17":1,"18":1,"19":1,"20":1,"21":1,"22":1,"23":1,"24":12,"25":12,"26":12,"27":12,"28":1,"29":1,"30":1,"31":1,"32":1,"33":1,"34":41,"35":41,"36":41,"37":41,"38":1,"39":1},"f":{"0":1,"1":1,"2":1,"3":1,"4":1},"b":{"0":[7,7],"1":[1,0],"2":[1,0]},"_coverageSchema":"1a1c01bbd47fc00a2c39e90264f33305004495a9","hash":"6f848ecf64cb5537bc74d9fb5c73db5728f433bb"}
}
