{"/Users/raimundomarin/Desktop/UANDES/Verificable/calendar-part-1-rjmarin/src/scripts/dbProvider.js": {"path":"/Users/raimundomarin/Desktop/UANDES/Verificable/calendar-part-1-rjmarin/src/scripts/dbProvider.js","statementMap":{"0":{"start":{"line":1,"column":12},"end":{"line":1,"column":28}},"1":{"start":{"line":4,"column":19},"end":{"line":10,"column":4}},"2":{"start":{"line":11,"column":2},"end":{"line":15,"column":5}},"3":{"start":{"line":12,"column":4},"end":{"line":14,"column":5}},"4":{"start":{"line":13,"column":6},"end":{"line":13,"column":19}},"5":{"start":{"line":16,"column":2},"end":{"line":16,"column":35}},"6":{"start":{"line":17,"column":2},"end":{"line":17,"column":20}},"7":{"start":{"line":21,"column":14},"end":{"line":21,"column":194}},"8":{"start":{"line":22,"column":2},"end":{"line":29,"column":5}},"9":{"start":{"line":23,"column":4},"end":{"line":28,"column":5}},"10":{"start":{"line":24,"column":6},"end":{"line":27,"column":7}},"11":{"start":{"line":25,"column":20},"end":{"line":25,"column":123}},"12":{"start":{"line":26,"column":21},"end":{"line":26,"column":44}},"13":{"start":{"line":30,"column":2},"end":{"line":30,"column":11}},"14":{"start":{"line":34,"column":14},"end":{"line":34,"column":151}},"15":{"start":{"line":35,"column":2},"end":{"line":44,"column":5}},"16":{"start":{"line":36,"column":22},"end":{"line":36,"column":63}},"17":{"start":{"line":37,"column":23},"end":{"line":37,"column":52}},"18":{"start":{"line":38,"column":4},"end":{"line":43,"column":5}},"19":{"start":{"line":39,"column":6},"end":{"line":42,"column":7}},"20":{"start":{"line":40,"column":20},"end":{"line":40,"column":109}},"21":{"start":{"line":41,"column":21},"end":{"line":41,"column":44}},"22":{"start":{"line":45,"column":2},"end":{"line":45,"column":11}},"23":{"start":{"line":48,"column":0},"end":{"line":52,"column":2}}},"fnMap":{"0":{"name":"dbConnect","decl":{"start":{"line":3,"column":9},"end":{"line":3,"column":18}},"loc":{"start":{"line":3,"column":21},"end":{"line":18,"column":1}},"line":3},"1":{"name":"(anonymous_1)","decl":{"start":{"line":11,"column":21},"end":{"line":11,"column":22}},"loc":{"start":{"line":11,"column":38},"end":{"line":15,"column":3}},"line":11},"2":{"name":"setEvent","decl":{"start":{"line":20,"column":9},"end":{"line":20,"column":17}},"loc":{"start":{"line":20,"column":84},"end":{"line":31,"column":1}},"line":20},"3":{"name":"(anonymous_3)","decl":{"start":{"line":22,"column":26},"end":{"line":22,"column":27}},"loc":{"start":{"line":22,"column":46},"end":{"line":29,"column":3}},"line":22},"4":{"name":"updateEvent","decl":{"start":{"line":33,"column":9},"end":{"line":33,"column":20}},"loc":{"start":{"line":33,"column":78},"end":{"line":46,"column":1}},"line":33},"5":{"name":"(anonymous_5)","decl":{"start":{"line":35,"column":26},"end":{"line":35,"column":27}},"loc":{"start":{"line":35,"column":38},"end":{"line":44,"column":3}},"line":35}},"branchMap":{"0":{"loc":{"start":{"line":12,"column":4},"end":{"line":14,"column":5}},"type":"if","locations":[{"start":{"line":12,"column":4},"end":{"line":14,"column":5}},{"start":{"line":12,"column":4},"end":{"line":14,"column":5}}],"line":12},"1":{"loc":{"start":{"line":23,"column":4},"end":{"line":28,"column":5}},"type":"if","locations":[{"start":{"line":23,"column":4},"end":{"line":28,"column":5}},{"start":{"line":23,"column":4},"end":{"line":28,"column":5}}],"line":23},"2":{"loc":{"start":{"line":38,"column":4},"end":{"line":43,"column":5}},"type":"if","locations":[{"start":{"line":38,"column":4},"end":{"line":43,"column":5}},{"start":{"line":38,"column":4},"end":{"line":43,"column":5}}],"line":38}},"s":{"0":1,"1":1,"2":1,"3":0,"4":0,"5":1,"6":1,"7":1,"8":1,"9":0,"10":0,"11":0,"12":0,"13":1,"14":2,"15":2,"16":0,"17":0,"18":0,"19":0,"20":0,"21":0,"22":2,"23":1},"f":{"0":1,"1":0,"2":1,"3":0,"4":2,"5":0},"b":{"0":[0,0],"1":[0,0],"2":[0,0]},"_coverageSchema":"1a1c01bbd47fc00a2c39e90264f33305004495a9","hash":"6d25f1a328094918f17a7b43771e2ee956c15f71"}
,"/Users/raimundomarin/Desktop/UANDES/Verificable/calendar-part-1-rjmarin/src/scripts/login.js": {"path":"/Users/raimundomarin/Desktop/UANDES/Verificable/calendar-part-1-rjmarin/src/scripts/login.js","statementMap":{"0":{"start":{"line":1,"column":17},"end":{"line":1,"column":36}},"1":{"start":{"line":2,"column":12},"end":{"line":2,"column":32}},"2":{"start":{"line":3,"column":15},"end":{"line":3,"column":30}},"3":{"start":{"line":4,"column":21},"end":{"line":4,"column":42}},"4":{"start":{"line":5,"column":0},"end":{"line":5,"column":25}},"5":{"start":{"line":6,"column":0},"end":{"line":6,"column":8}},"6":{"start":{"line":9,"column":19},"end":{"line":9,"column":55}},"7":{"start":{"line":10,"column":4},"end":{"line":13,"column":5}},"8":{"start":{"line":11,"column":8},"end":{"line":11,"column":52}},"9":{"start":{"line":12,"column":8},"end":{"line":12,"column":34}},"10":{"start":{"line":14,"column":4},"end":{"line":26,"column":7}},"11":{"start":{"line":15,"column":23},"end":{"line":15,"column":65}},"12":{"start":{"line":16,"column":8},"end":{"line":24,"column":9}},"13":{"start":{"line":17,"column":12},"end":{"line":17,"column":35}},"14":{"start":{"line":18,"column":12},"end":{"line":18,"column":21}},"15":{"start":{"line":21,"column":12},"end":{"line":21,"column":40}},"16":{"start":{"line":22,"column":25},"end":{"line":22,"column":50}},"17":{"start":{"line":23,"column":12},"end":{"line":23,"column":27}},"18":{"start":{"line":25,"column":8},"end":{"line":25,"column":17}},"19":{"start":{"line":27,"column":4},"end":{"line":27,"column":13}},"20":{"start":{"line":31,"column":4},"end":{"line":31,"column":45}},"21":{"start":{"line":32,"column":4},"end":{"line":32,"column":30}},"22":{"start":{"line":33,"column":4},"end":{"line":33,"column":30}},"23":{"start":{"line":34,"column":4},"end":{"line":34,"column":17}},"24":{"start":{"line":37,"column":0},"end":{"line":40,"column":2}}},"fnMap":{"0":{"name":"login","decl":{"start":{"line":8,"column":9},"end":{"line":8,"column":14}},"loc":{"start":{"line":8,"column":18},"end":{"line":28,"column":1}},"line":8},"1":{"name":"(anonymous_1)","decl":{"start":{"line":14,"column":39},"end":{"line":14,"column":40}},"loc":{"start":{"line":14,"column":51},"end":{"line":26,"column":5}},"line":14},"2":{"name":"errorMsg","decl":{"start":{"line":30,"column":9},"end":{"line":30,"column":17}},"loc":{"start":{"line":30,"column":28},"end":{"line":35,"column":1}},"line":30}},"branchMap":{"0":{"loc":{"start":{"line":10,"column":4},"end":{"line":13,"column":5}},"type":"if","locations":[{"start":{"line":10,"column":4},"end":{"line":13,"column":5}},{"start":{"line":10,"column":4},"end":{"line":13,"column":5}}],"line":10},"1":{"loc":{"start":{"line":16,"column":8},"end":{"line":24,"column":9}},"type":"if","locations":[{"start":{"line":16,"column":8},"end":{"line":24,"column":9}},{"start":{"line":16,"column":8},"end":{"line":24,"column":9}}],"line":16}},"s":{"0":1,"1":1,"2":1,"3":1,"4":1,"5":1,"6":2,"7":2,"8":1,"9":1,"10":2,"11":1,"12":1,"13":1,"14":1,"15":0,"16":0,"17":0,"18":0,"19":2,"20":2,"21":2,"22":2,"23":2,"24":1},"f":{"0":2,"1":1,"2":2},"b":{"0":[1,1],"1":[1,0]},"_coverageSchema":"1a1c01bbd47fc00a2c39e90264f33305004495a9","hash":"bce929eee1dca06063edd86724bd8310e1e38ddd"}
,"/Users/raimundomarin/Desktop/UANDES/Verificable/calendar-part-1-rjmarin/src/scripts/modal.js": {"path":"/Users/raimundomarin/Desktop/UANDES/Verificable/calendar-part-1-rjmarin/src/scripts/modal.js","statementMap":{"0":{"start":{"line":1,"column":17},"end":{"line":1,"column":36}},"1":{"start":{"line":2,"column":12},"end":{"line":2,"column":32}},"2":{"start":{"line":3,"column":15},"end":{"line":3,"column":30}},"3":{"start":{"line":5,"column":21},"end":{"line":5,"column":79}},"4":{"start":{"line":6,"column":14},"end":{"line":6,"column":29}},"5":{"start":{"line":7,"column":21},"end":{"line":7,"column":85}},"6":{"start":{"line":8,"column":22},"end":{"line":8,"column":87}},"7":{"start":{"line":9,"column":25},"end":{"line":9,"column":93}},"8":{"start":{"line":11,"column":0},"end":{"line":19,"column":3}},"9":{"start":{"line":12,"column":4},"end":{"line":12,"column":15}},"10":{"start":{"line":13,"column":4},"end":{"line":13,"column":35}},"11":{"start":{"line":14,"column":4},"end":{"line":14,"column":37}},"12":{"start":{"line":15,"column":4},"end":{"line":15,"column":15}},"13":{"start":{"line":16,"column":4},"end":{"line":16,"column":16}},"14":{"start":{"line":17,"column":4},"end":{"line":17,"column":17}},"15":{"start":{"line":18,"column":4},"end":{"line":18,"column":18}},"16":{"start":{"line":22,"column":16},"end":{"line":22,"column":41}},"17":{"start":{"line":23,"column":4},"end":{"line":25,"column":5}},"18":{"start":{"line":24,"column":8},"end":{"line":24,"column":91}},"19":{"start":{"line":29,"column":4},"end":{"line":29,"column":35}},"20":{"start":{"line":30,"column":4},"end":{"line":40,"column":7}},"21":{"start":{"line":31,"column":8},"end":{"line":31,"column":27}},"22":{"start":{"line":32,"column":8},"end":{"line":32,"column":32}},"23":{"start":{"line":33,"column":12},"end":{"line":33,"column":68}},"24":{"start":{"line":34,"column":12},"end":{"line":34,"column":80}},"25":{"start":{"line":35,"column":12},"end":{"line":35,"column":72}},"26":{"start":{"line":36,"column":12},"end":{"line":36,"column":68}},"27":{"start":{"line":37,"column":12},"end":{"line":37,"column":34}},"28":{"start":{"line":38,"column":28},"end":{"line":38,"column":67}},"29":{"start":{"line":39,"column":12},"end":{"line":39,"column":39}},"30":{"start":{"line":41,"column":4},"end":{"line":51,"column":7}},"31":{"start":{"line":42,"column":27},"end":{"line":42,"column":29}},"32":{"start":{"line":43,"column":8},"end":{"line":50,"column":9}},"33":{"start":{"line":44,"column":12},"end":{"line":46,"column":15}},"34":{"start":{"line":45,"column":16},"end":{"line":45,"column":70}},"35":{"start":{"line":47,"column":12},"end":{"line":49,"column":13}},"36":{"start":{"line":48,"column":16},"end":{"line":48,"column":70}},"37":{"start":{"line":55,"column":17},"end":{"line":55,"column":54}},"38":{"start":{"line":56,"column":4},"end":{"line":72,"column":7}},"39":{"start":{"line":57,"column":8},"end":{"line":57,"column":34}},"40":{"start":{"line":58,"column":8},"end":{"line":71,"column":9}},"41":{"start":{"line":59,"column":12},"end":{"line":59,"column":35}},"42":{"start":{"line":61,"column":12},"end":{"line":65,"column":13}},"43":{"start":{"line":62,"column":16},"end":{"line":62,"column":106}},"44":{"start":{"line":64,"column":16},"end":{"line":64,"column":93}},"45":{"start":{"line":66,"column":28},"end":{"line":66,"column":67}},"46":{"start":{"line":67,"column":12},"end":{"line":67,"column":38}},"47":{"start":{"line":68,"column":12},"end":{"line":68,"column":26}},"48":{"start":{"line":69,"column":25},"end":{"line":69,"column":50}},"49":{"start":{"line":70,"column":12},"end":{"line":70,"column":27}},"50":{"start":{"line":76,"column":4},"end":{"line":76,"column":45}},"51":{"start":{"line":77,"column":4},"end":{"line":79,"column":5}},"52":{"start":{"line":78,"column":8},"end":{"line":78,"column":46}},"53":{"start":{"line":80,"column":4},"end":{"line":80,"column":30}},"54":{"start":{"line":81,"column":4},"end":{"line":81,"column":30}},"55":{"start":{"line":82,"column":4},"end":{"line":82,"column":17}},"56":{"start":{"line":86,"column":20},"end":{"line":86,"column":59}},"57":{"start":{"line":87,"column":4},"end":{"line":94,"column":7}},"58":{"start":{"line":88,"column":8},"end":{"line":88,"column":42}},"59":{"start":{"line":89,"column":24},"end":{"line":89,"column":63}},"60":{"start":{"line":90,"column":8},"end":{"line":90,"column":34}},"61":{"start":{"line":91,"column":8},"end":{"line":91,"column":22}},"62":{"start":{"line":92,"column":21},"end":{"line":92,"column":46}},"63":{"start":{"line":93,"column":8},"end":{"line":93,"column":23}},"64":{"start":{"line":95,"column":4},"end":{"line":95,"column":13}}},"fnMap":{"0":{"name":"(anonymous_0)","decl":{"start":{"line":11,"column":18},"end":{"line":11,"column":19}},"loc":{"start":{"line":11,"column":30},"end":{"line":19,"column":1}},"line":11},"1":{"name":"getUsers","decl":{"start":{"line":21,"column":9},"end":{"line":21,"column":17}},"loc":{"start":{"line":21,"column":20},"end":{"line":26,"column":1}},"line":21},"2":{"name":"getEvent","decl":{"start":{"line":28,"column":9},"end":{"line":28,"column":17}},"loc":{"start":{"line":28,"column":20},"end":{"line":52,"column":1}},"line":28},"3":{"name":"(anonymous_3)","decl":{"start":{"line":30,"column":20},"end":{"line":30,"column":21}},"loc":{"start":{"line":30,"column":40},"end":{"line":40,"column":5}},"line":30},"4":{"name":"(anonymous_4)","decl":{"start":{"line":41,"column":20},"end":{"line":41,"column":21}},"loc":{"start":{"line":41,"column":41},"end":{"line":51,"column":5}},"line":41},"5":{"name":"(anonymous_5)","decl":{"start":{"line":44,"column":23},"end":{"line":44,"column":24}},"loc":{"start":{"line":44,"column":40},"end":{"line":46,"column":13}},"line":44},"6":{"name":"saveEvent","decl":{"start":{"line":54,"column":9},"end":{"line":54,"column":18}},"loc":{"start":{"line":54,"column":22},"end":{"line":73,"column":1}},"line":54},"7":{"name":"(anonymous_7)","decl":{"start":{"line":56,"column":37},"end":{"line":56,"column":38}},"loc":{"start":{"line":56,"column":49},"end":{"line":72,"column":5}},"line":56},"8":{"name":"errorMsg","decl":{"start":{"line":75,"column":9},"end":{"line":75,"column":17}},"loc":{"start":{"line":75,"column":28},"end":{"line":83,"column":1}},"line":75},"9":{"name":"deleteEvent","decl":{"start":{"line":85,"column":9},"end":{"line":85,"column":20}},"loc":{"start":{"line":85,"column":24},"end":{"line":96,"column":1}},"line":85},"10":{"name":"(anonymous_10)","decl":{"start":{"line":87,"column":40},"end":{"line":87,"column":41}},"loc":{"start":{"line":87,"column":52},"end":{"line":94,"column":5}},"line":87}},"branchMap":{"0":{"loc":{"start":{"line":32,"column":8},"end":{"line":32,"column":32}},"type":"if","locations":[{"start":{"line":32,"column":8},"end":{"line":32,"column":32}},{"start":{"line":32,"column":8},"end":{"line":32,"column":32}}],"line":32},"1":{"loc":{"start":{"line":43,"column":8},"end":{"line":50,"column":9}},"type":"if","locations":[{"start":{"line":43,"column":8},"end":{"line":50,"column":9}},{"start":{"line":43,"column":8},"end":{"line":50,"column":9}}],"line":43},"2":{"loc":{"start":{"line":47,"column":12},"end":{"line":49,"column":13}},"type":"if","locations":[{"start":{"line":47,"column":12},"end":{"line":49,"column":13}},{"start":{"line":47,"column":12},"end":{"line":49,"column":13}}],"line":47},"3":{"loc":{"start":{"line":58,"column":8},"end":{"line":71,"column":9}},"type":"if","locations":[{"start":{"line":58,"column":8},"end":{"line":71,"column":9}},{"start":{"line":58,"column":8},"end":{"line":71,"column":9}}],"line":58},"4":{"loc":{"start":{"line":61,"column":12},"end":{"line":65,"column":13}},"type":"if","locations":[{"start":{"line":61,"column":12},"end":{"line":65,"column":13}},{"start":{"line":61,"column":12},"end":{"line":65,"column":13}}],"line":61},"5":{"loc":{"start":{"line":77,"column":4},"end":{"line":79,"column":5}},"type":"if","locations":[{"start":{"line":77,"column":4},"end":{"line":79,"column":5}},{"start":{"line":77,"column":4},"end":{"line":79,"column":5}}],"line":77}},"s":{"0":0,"1":0,"2":0,"3":0,"4":0,"5":0,"6":0,"7":0,"8":0,"9":0,"10":0,"11":0,"12":0,"13":0,"14":0,"15":0,"16":0,"17":0,"18":0,"19":0,"20":0,"21":0,"22":0,"23":0,"24":0,"25":0,"26":0,"27":0,"28":0,"29":0,"30":0,"31":0,"32":0,"33":0,"34":0,"35":0,"36":0,"37":0,"38":0,"39":0,"40":0,"41":0,"42":0,"43":0,"44":0,"45":0,"46":0,"47":0,"48":0,"49":0,"50":0,"51":0,"52":0,"53":0,"54":0,"55":0,"56":0,"57":0,"58":0,"59":0,"60":0,"61":0,"62":0,"63":0,"64":0},"f":{"0":0,"1":0,"2":0,"3":0,"4":0,"5":0,"6":0,"7":0,"8":0,"9":0,"10":0},"b":{"0":[0,0],"1":[0,0],"2":[0,0],"3":[0,0],"4":[0,0],"5":[0,0]}}
,"/Users/raimundomarin/Desktop/UANDES/Verificable/calendar-part-1-rjmarin/src/scripts/renderer.js": {"path":"/Users/raimundomarin/Desktop/UANDES/Verificable/calendar-part-1-rjmarin/src/scripts/renderer.js","statementMap":{"0":{"start":{"line":4,"column":4},"end":{"line":4,"column":23}},"1":{"start":{"line":5,"column":14},"end":{"line":5,"column":29}},"2":{"start":{"line":6,"column":22},"end":{"line":6,"column":42}},"3":{"start":{"line":7,"column":12},"end":{"line":7,"column":23}},"4":{"start":{"line":8,"column":17},"end":{"line":8,"column":73}},"5":{"start":{"line":9,"column":19},"end":{"line":11,"column":1}},"6":{"start":{"line":12,"column":21},"end":{"line":12,"column":23}},"7":{"start":{"line":13,"column":24},"end":{"line":13,"column":25}},"8":{"start":{"line":14,"column":18},"end":{"line":14,"column":19}},"9":{"start":{"line":15,"column":13},"end":{"line":15,"column":14}},"10":{"start":{"line":16,"column":14},"end":{"line":16,"column":16}},"11":{"start":{"line":17,"column":17},"end":{"line":17,"column":18}},"12":{"start":{"line":18,"column":15},"end":{"line":18,"column":16}},"13":{"start":{"line":19,"column":12},"end":{"line":19,"column":22}},"14":{"start":{"line":20,"column":19},"end":{"line":20,"column":35}},"15":{"start":{"line":21,"column":18},"end":{"line":21,"column":37}},"16":{"start":{"line":22,"column":18},"end":{"line":22,"column":33}},"17":{"start":{"line":23,"column":19},"end":{"line":23,"column":20}},"18":{"start":{"line":24,"column":23},"end":{"line":24,"column":24}},"19":{"start":{"line":25,"column":24},"end":{"line":25,"column":25}},"20":{"start":{"line":27,"column":23},"end":{"line":27,"column":92}},"21":{"start":{"line":28,"column":24},"end":{"line":28,"column":94}},"22":{"start":{"line":29,"column":22},"end":{"line":29,"column":90}},"23":{"start":{"line":30,"column":21},"end":{"line":30,"column":88}},"24":{"start":{"line":31,"column":0},"end":{"line":31,"column":10}},"25":{"start":{"line":32,"column":0},"end":{"line":32,"column":14}},"26":{"start":{"line":33,"column":0},"end":{"line":33,"column":13}},"27":{"start":{"line":34,"column":0},"end":{"line":34,"column":17}},"28":{"start":{"line":35,"column":0},"end":{"line":35,"column":19}},"29":{"start":{"line":36,"column":0},"end":{"line":36,"column":47}},"30":{"start":{"line":37,"column":0},"end":{"line":37,"column":11}},"31":{"start":{"line":38,"column":0},"end":{"line":38,"column":15}},"32":{"start":{"line":42,"column":2},"end":{"line":42,"column":37}},"33":{"start":{"line":43,"column":2},"end":{"line":43,"column":20}},"34":{"start":{"line":47,"column":2},"end":{"line":47,"column":33}},"35":{"start":{"line":48,"column":2},"end":{"line":48,"column":35}},"36":{"start":{"line":49,"column":2},"end":{"line":49,"column":31}},"37":{"start":{"line":55,"column":22},"end":{"line":64,"column":4}},"38":{"start":{"line":65,"column":2},"end":{"line":65,"column":21}},"39":{"start":{"line":69,"column":2},"end":{"line":69,"column":23}},"40":{"start":{"line":70,"column":2},"end":{"line":70,"column":37}},"41":{"start":{"line":71,"column":2},"end":{"line":71,"column":30}},"42":{"start":{"line":72,"column":2},"end":{"line":72,"column":52}},"43":{"start":{"line":73,"column":2},"end":{"line":73,"column":21}},"44":{"start":{"line":74,"column":2},"end":{"line":80,"column":5}},"45":{"start":{"line":75,"column":4},"end":{"line":79,"column":5}},"46":{"start":{"line":76,"column":6},"end":{"line":76,"column":65}},"47":{"start":{"line":78,"column":6},"end":{"line":78,"column":53}},"48":{"start":{"line":86,"column":2},"end":{"line":86,"column":28}},"49":{"start":{"line":87,"column":2},"end":{"line":99,"column":3}},"50":{"start":{"line":88,"column":4},"end":{"line":88,"column":70}},"51":{"start":{"line":89,"column":4},"end":{"line":92,"column":5}},"52":{"start":{"line":90,"column":6},"end":{"line":90,"column":43}},"53":{"start":{"line":91,"column":6},"end":{"line":91,"column":114}},"54":{"start":{"line":94,"column":4},"end":{"line":94,"column":70}},"55":{"start":{"line":95,"column":4},"end":{"line":98,"column":5}},"56":{"start":{"line":96,"column":6},"end":{"line":96,"column":42}},"57":{"start":{"line":97,"column":6},"end":{"line":97,"column":78}},"58":{"start":{"line":104,"column":2},"end":{"line":104,"column":70}},"59":{"start":{"line":105,"column":2},"end":{"line":109,"column":5}},"60":{"start":{"line":106,"column":4},"end":{"line":106,"column":36}},"61":{"start":{"line":107,"column":4},"end":{"line":107,"column":72}},"62":{"start":{"line":108,"column":4},"end":{"line":108,"column":23}},"63":{"start":{"line":110,"column":2},"end":{"line":110,"column":72}},"64":{"start":{"line":111,"column":2},"end":{"line":115,"column":5}},"65":{"start":{"line":112,"column":4},"end":{"line":112,"column":37}},"66":{"start":{"line":113,"column":4},"end":{"line":113,"column":51}},"67":{"start":{"line":114,"column":4},"end":{"line":114,"column":23}},"68":{"start":{"line":119,"column":2},"end":{"line":125,"column":3}},"69":{"start":{"line":120,"column":4},"end":{"line":120,"column":72}},"70":{"start":{"line":121,"column":4},"end":{"line":121,"column":65}},"71":{"start":{"line":123,"column":4},"end":{"line":123,"column":70}},"72":{"start":{"line":124,"column":4},"end":{"line":124,"column":66}},"73":{"start":{"line":130,"column":2},"end":{"line":130,"column":58}},"74":{"start":{"line":131,"column":2},"end":{"line":131,"column":47}},"75":{"start":{"line":132,"column":2},"end":{"line":132,"column":49}},"76":{"start":{"line":136,"column":2},"end":{"line":136,"column":56}},"77":{"start":{"line":137,"column":2},"end":{"line":137,"column":45}},"78":{"start":{"line":138,"column":2},"end":{"line":138,"column":49}},"79":{"start":{"line":142,"column":2},"end":{"line":142,"column":53}},"80":{"start":{"line":143,"column":2},"end":{"line":146,"column":5}},"81":{"start":{"line":144,"column":4},"end":{"line":144,"column":21}},"82":{"start":{"line":145,"column":4},"end":{"line":145,"column":63}},"83":{"start":{"line":150,"column":2},"end":{"line":150,"column":57}},"84":{"start":{"line":151,"column":2},"end":{"line":154,"column":5}},"85":{"start":{"line":152,"column":4},"end":{"line":152,"column":21}},"86":{"start":{"line":153,"column":4},"end":{"line":153,"column":63}},"87":{"start":{"line":160,"column":2},"end":{"line":160,"column":46}},"88":{"start":{"line":161,"column":2},"end":{"line":161,"column":31}},"89":{"start":{"line":162,"column":2},"end":{"line":162,"column":86}},"90":{"start":{"line":164,"column":17},"end":{"line":164,"column":34}},"91":{"start":{"line":165,"column":2},"end":{"line":167,"column":3}},"92":{"start":{"line":166,"column":4},"end":{"line":166,"column":31}},"93":{"start":{"line":168,"column":20},"end":{"line":168,"column":49}},"94":{"start":{"line":169,"column":21},"end":{"line":169,"column":63}},"95":{"start":{"line":170,"column":2},"end":{"line":170,"column":30}},"96":{"start":{"line":171,"column":19},"end":{"line":171,"column":20}},"97":{"start":{"line":172,"column":18},"end":{"line":172,"column":42}},"98":{"start":{"line":173,"column":2},"end":{"line":199,"column":3}},"99":{"start":{"line":173,"column":19},"end":{"line":173,"column":20}},"100":{"start":{"line":174,"column":4},"end":{"line":176,"column":5}},"101":{"start":{"line":175,"column":6},"end":{"line":175,"column":12}},"102":{"start":{"line":177,"column":15},"end":{"line":177,"column":44}},"103":{"start":{"line":178,"column":4},"end":{"line":178,"column":38}},"104":{"start":{"line":179,"column":4},"end":{"line":197,"column":5}},"105":{"start":{"line":179,"column":20},"end":{"line":179,"column":21}},"106":{"start":{"line":180,"column":16},"end":{"line":180,"column":45}},"107":{"start":{"line":181,"column":6},"end":{"line":181,"column":38}},"108":{"start":{"line":182,"column":6},"end":{"line":182,"column":63}},"109":{"start":{"line":183,"column":6},"end":{"line":185,"column":7}},"110":{"start":{"line":184,"column":8},"end":{"line":184,"column":37}},"111":{"start":{"line":187,"column":6},"end":{"line":196,"column":7}},"112":{"start":{"line":188,"column":8},"end":{"line":188,"column":48}},"113":{"start":{"line":189,"column":8},"end":{"line":189,"column":35}},"114":{"start":{"line":190,"column":8},"end":{"line":190,"column":30}},"115":{"start":{"line":192,"column":8},"end":{"line":192,"column":56}},"116":{"start":{"line":193,"column":8},"end":{"line":193,"column":35}},"117":{"start":{"line":194,"column":8},"end":{"line":194,"column":30}},"118":{"start":{"line":195,"column":8},"end":{"line":195,"column":21}},"119":{"start":{"line":198,"column":4},"end":{"line":198,"column":35}},"120":{"start":{"line":200,"column":2},"end":{"line":200,"column":19}},"121":{"start":{"line":205,"column":2},"end":{"line":205,"column":42}},"122":{"start":{"line":206,"column":2},"end":{"line":206,"column":57}},"123":{"start":{"line":207,"column":2},"end":{"line":207,"column":20}},"124":{"start":{"line":208,"column":2},"end":{"line":208,"column":68}},"125":{"start":{"line":209,"column":2},"end":{"line":209,"column":100}},"126":{"start":{"line":210,"column":21},"end":{"line":210,"column":63}},"127":{"start":{"line":211,"column":2},"end":{"line":211,"column":30}},"128":{"start":{"line":212,"column":18},"end":{"line":212,"column":42}},"129":{"start":{"line":213,"column":2},"end":{"line":229,"column":3}},"130":{"start":{"line":213,"column":18},"end":{"line":213,"column":19}},"131":{"start":{"line":214,"column":16},"end":{"line":214,"column":45}},"132":{"start":{"line":215,"column":4},"end":{"line":227,"column":5}},"133":{"start":{"line":215,"column":20},"end":{"line":215,"column":21}},"134":{"start":{"line":216,"column":6},"end":{"line":216,"column":41}},"135":{"start":{"line":217,"column":16},"end":{"line":217,"column":45}},"136":{"start":{"line":218,"column":6},"end":{"line":218,"column":38}},"137":{"start":{"line":219,"column":6},"end":{"line":219,"column":79}},"138":{"start":{"line":220,"column":6},"end":{"line":222,"column":7}},"139":{"start":{"line":221,"column":8},"end":{"line":221,"column":38}},"140":{"start":{"line":223,"column":6},"end":{"line":225,"column":7}},"141":{"start":{"line":224,"column":8},"end":{"line":224,"column":37}},"142":{"start":{"line":226,"column":6},"end":{"line":226,"column":29}},"143":{"start":{"line":228,"column":4},"end":{"line":228,"column":36}},"144":{"start":{"line":230,"column":2},"end":{"line":230,"column":18}},"145":{"start":{"line":236,"column":15},"end":{"line":236,"column":41}},"146":{"start":{"line":237,"column":2},"end":{"line":257,"column":3}},"147":{"start":{"line":238,"column":16},"end":{"line":238,"column":34}},"148":{"start":{"line":239,"column":16},"end":{"line":239,"column":37}},"149":{"start":{"line":240,"column":4},"end":{"line":240,"column":92}},"150":{"start":{"line":241,"column":4},"end":{"line":241,"column":48}},"151":{"start":{"line":242,"column":4},"end":{"line":244,"column":5}},"152":{"start":{"line":243,"column":6},"end":{"line":243,"column":15}},"153":{"start":{"line":245,"column":4},"end":{"line":245,"column":49}},"154":{"start":{"line":246,"column":4},"end":{"line":246,"column":48}},"155":{"start":{"line":247,"column":4},"end":{"line":247,"column":43}},"156":{"start":{"line":248,"column":4},"end":{"line":248,"column":48}},"157":{"start":{"line":249,"column":4},"end":{"line":249,"column":93}},"158":{"start":{"line":250,"column":4},"end":{"line":250,"column":41}},"159":{"start":{"line":251,"column":4},"end":{"line":251,"column":44}},"160":{"start":{"line":252,"column":4},"end":{"line":255,"column":5}},"161":{"start":{"line":253,"column":6},"end":{"line":253,"column":54}},"162":{"start":{"line":254,"column":6},"end":{"line":254,"column":87}},"163":{"start":{"line":256,"column":4},"end":{"line":256,"column":37}},"164":{"start":{"line":261,"column":15},"end":{"line":261,"column":41}},"165":{"start":{"line":262,"column":2},"end":{"line":287,"column":3}},"166":{"start":{"line":263,"column":16},"end":{"line":263,"column":34}},"167":{"start":{"line":264,"column":16},"end":{"line":264,"column":37}},"168":{"start":{"line":265,"column":14},"end":{"line":265,"column":33}},"169":{"start":{"line":266,"column":4},"end":{"line":266,"column":56}},"170":{"start":{"line":267,"column":4},"end":{"line":286,"column":5}},"171":{"start":{"line":268,"column":6},"end":{"line":268,"column":131}},"172":{"start":{"line":269,"column":6},"end":{"line":271,"column":7}},"173":{"start":{"line":270,"column":8},"end":{"line":270,"column":17}},"174":{"start":{"line":272,"column":22},"end":{"line":272,"column":136}},"175":{"start":{"line":273,"column":6},"end":{"line":273,"column":51}},"176":{"start":{"line":274,"column":6},"end":{"line":274,"column":50}},"177":{"start":{"line":275,"column":6},"end":{"line":275,"column":45}},"178":{"start":{"line":276,"column":6},"end":{"line":276,"column":50}},"179":{"start":{"line":277,"column":6},"end":{"line":277,"column":46}},"180":{"start":{"line":278,"column":6},"end":{"line":278,"column":41}},"181":{"start":{"line":279,"column":6},"end":{"line":279,"column":43}},"182":{"start":{"line":280,"column":6},"end":{"line":284,"column":7}},"183":{"start":{"line":281,"column":8},"end":{"line":281,"column":56}},"184":{"start":{"line":283,"column":8},"end":{"line":283,"column":89}},"185":{"start":{"line":285,"column":6},"end":{"line":285,"column":39}}},"fnMap":{"0":{"name":"getUser","decl":{"start":{"line":41,"column":11},"end":{"line":41,"column":18}},"loc":{"start":{"line":41,"column":22},"end":{"line":44,"column":1}},"line":41},"1":{"name":"currentDate","decl":{"start":{"line":46,"column":9},"end":{"line":46,"column":20}},"loc":{"start":{"line":46,"column":28},"end":{"line":50,"column":1}},"line":46},"2":{"name":"createModal","decl":{"start":{"line":54,"column":9},"end":{"line":54,"column":20}},"loc":{"start":{"line":54,"column":24},"end":{"line":66,"column":1}},"line":54},"3":{"name":"openModal","decl":{"start":{"line":68,"column":9},"end":{"line":68,"column":18}},"loc":{"start":{"line":68,"column":29},"end":{"line":81,"column":1}},"line":68},"4":{"name":"(anonymous_4)","decl":{"start":{"line":74,"column":27},"end":{"line":74,"column":28}},"loc":{"start":{"line":74,"column":39},"end":{"line":80,"column":3}},"line":74},"5":{"name":"getHeaderCalendar","decl":{"start":{"line":85,"column":9},"end":{"line":85,"column":26}},"loc":{"start":{"line":85,"column":47},"end":{"line":100,"column":1}},"line":85},"6":{"name":"changeCalendar","decl":{"start":{"line":103,"column":9},"end":{"line":103,"column":23}},"loc":{"start":{"line":103,"column":27},"end":{"line":116,"column":1}},"line":103},"7":{"name":"(anonymous_7)","decl":{"start":{"line":105,"column":52},"end":{"line":105,"column":53}},"loc":{"start":{"line":105,"column":64},"end":{"line":109,"column":3}},"line":105},"8":{"name":"(anonymous_8)","decl":{"start":{"line":111,"column":53},"end":{"line":111,"column":54}},"loc":{"start":{"line":111,"column":65},"end":{"line":115,"column":3}},"line":111},"9":{"name":"navegateCalendar","decl":{"start":{"line":118,"column":9},"end":{"line":118,"column":25}},"loc":{"start":{"line":118,"column":29},"end":{"line":126,"column":1}},"line":118},"10":{"name":"onChangeMonth","decl":{"start":{"line":129,"column":9},"end":{"line":129,"column":22}},"loc":{"start":{"line":129,"column":26},"end":{"line":133,"column":1}},"line":129},"11":{"name":"onChangeYear","decl":{"start":{"line":135,"column":9},"end":{"line":135,"column":21}},"loc":{"start":{"line":135,"column":25},"end":{"line":139,"column":1}},"line":135},"12":{"name":"nextWeek","decl":{"start":{"line":141,"column":9},"end":{"line":141,"column":17}},"loc":{"start":{"line":141,"column":20},"end":{"line":147,"column":1}},"line":141},"13":{"name":"(anonymous_13)","decl":{"start":{"line":143,"column":40},"end":{"line":143,"column":41}},"loc":{"start":{"line":143,"column":52},"end":{"line":146,"column":3}},"line":143},"14":{"name":"previousWeek","decl":{"start":{"line":149,"column":9},"end":{"line":149,"column":21}},"loc":{"start":{"line":149,"column":24},"end":{"line":155,"column":1}},"line":149},"15":{"name":"(anonymous_15)","decl":{"start":{"line":151,"column":44},"end":{"line":151,"column":45}},"loc":{"start":{"line":151,"column":56},"end":{"line":154,"column":3}},"line":151},"16":{"name":"createCalendarMonth","decl":{"start":{"line":159,"column":9},"end":{"line":159,"column":28}},"loc":{"start":{"line":159,"column":43},"end":{"line":201,"column":1}},"line":159},"17":{"name":"createCalendarWeek","decl":{"start":{"line":204,"column":9},"end":{"line":204,"column":27}},"loc":{"start":{"line":204,"column":52},"end":{"line":231,"column":1}},"line":204},"18":{"name":"fillEventMonth","decl":{"start":{"line":235,"column":9},"end":{"line":235,"column":23}},"loc":{"start":{"line":235,"column":27},"end":{"line":258,"column":1}},"line":235},"19":{"name":"fillEventWeek","decl":{"start":{"line":260,"column":9},"end":{"line":260,"column":22}},"loc":{"start":{"line":260,"column":25},"end":{"line":288,"column":1}},"line":260}},"branchMap":{"0":{"loc":{"start":{"line":75,"column":4},"end":{"line":79,"column":5}},"type":"if","locations":[{"start":{"line":75,"column":4},"end":{"line":79,"column":5}},{"start":{"line":75,"column":4},"end":{"line":79,"column":5}}],"line":75},"1":{"loc":{"start":{"line":87,"column":2},"end":{"line":99,"column":3}},"type":"if","locations":[{"start":{"line":87,"column":2},"end":{"line":99,"column":3}},{"start":{"line":87,"column":2},"end":{"line":99,"column":3}}],"line":87},"2":{"loc":{"start":{"line":119,"column":2},"end":{"line":125,"column":3}},"type":"if","locations":[{"start":{"line":119,"column":2},"end":{"line":125,"column":3}},{"start":{"line":119,"column":2},"end":{"line":125,"column":3}}],"line":119},"3":{"loc":{"start":{"line":165,"column":2},"end":{"line":167,"column":3}},"type":"if","locations":[{"start":{"line":165,"column":2},"end":{"line":167,"column":3}},{"start":{"line":165,"column":2},"end":{"line":167,"column":3}}],"line":165},"4":{"loc":{"start":{"line":174,"column":4},"end":{"line":176,"column":5}},"type":"if","locations":[{"start":{"line":174,"column":4},"end":{"line":176,"column":5}},{"start":{"line":174,"column":4},"end":{"line":176,"column":5}}],"line":174},"5":{"loc":{"start":{"line":183,"column":6},"end":{"line":185,"column":7}},"type":"if","locations":[{"start":{"line":183,"column":6},"end":{"line":185,"column":7}},{"start":{"line":183,"column":6},"end":{"line":185,"column":7}}],"line":183},"6":{"loc":{"start":{"line":183,"column":10},"end":{"line":183,"column":46}},"type":"binary-expr","locations":[{"start":{"line":183,"column":10},"end":{"line":183,"column":27}},{"start":{"line":183,"column":31},"end":{"line":183,"column":46}}],"line":183},"7":{"loc":{"start":{"line":187,"column":6},"end":{"line":196,"column":7}},"type":"if","locations":[{"start":{"line":187,"column":6},"end":{"line":196,"column":7}},{"start":{"line":187,"column":6},"end":{"line":196,"column":7}}],"line":187},"8":{"loc":{"start":{"line":187,"column":10},"end":{"line":187,"column":68}},"type":"binary-expr","locations":[{"start":{"line":187,"column":10},"end":{"line":187,"column":21}},{"start":{"line":187,"column":25},"end":{"line":187,"column":40}},{"start":{"line":187,"column":44},"end":{"line":187,"column":68}}],"line":187},"9":{"loc":{"start":{"line":220,"column":6},"end":{"line":222,"column":7}},"type":"if","locations":[{"start":{"line":220,"column":6},"end":{"line":222,"column":7}},{"start":{"line":220,"column":6},"end":{"line":222,"column":7}}],"line":220},"10":{"loc":{"start":{"line":223,"column":6},"end":{"line":225,"column":7}},"type":"if","locations":[{"start":{"line":223,"column":6},"end":{"line":225,"column":7}},{"start":{"line":223,"column":6},"end":{"line":225,"column":7}}],"line":223},"11":{"loc":{"start":{"line":223,"column":10},"end":{"line":223,"column":46}},"type":"binary-expr","locations":[{"start":{"line":223,"column":10},"end":{"line":223,"column":27}},{"start":{"line":223,"column":31},"end":{"line":223,"column":46}}],"line":223},"12":{"loc":{"start":{"line":242,"column":4},"end":{"line":244,"column":5}},"type":"if","locations":[{"start":{"line":242,"column":4},"end":{"line":244,"column":5}},{"start":{"line":242,"column":4},"end":{"line":244,"column":5}}],"line":242},"13":{"loc":{"start":{"line":252,"column":4},"end":{"line":255,"column":5}},"type":"if","locations":[{"start":{"line":252,"column":4},"end":{"line":255,"column":5}},{"start":{"line":252,"column":4},"end":{"line":255,"column":5}}],"line":252},"14":{"loc":{"start":{"line":269,"column":6},"end":{"line":271,"column":7}},"type":"if","locations":[{"start":{"line":269,"column":6},"end":{"line":271,"column":7}},{"start":{"line":269,"column":6},"end":{"line":271,"column":7}}],"line":269},"15":{"loc":{"start":{"line":280,"column":6},"end":{"line":284,"column":7}},"type":"if","locations":[{"start":{"line":280,"column":6},"end":{"line":284,"column":7}},{"start":{"line":280,"column":6},"end":{"line":284,"column":7}}],"line":280}},"s":{"0":0,"1":0,"2":0,"3":0,"4":0,"5":0,"6":0,"7":0,"8":0,"9":0,"10":0,"11":0,"12":0,"13":0,"14":0,"15":0,"16":0,"17":0,"18":0,"19":0,"20":0,"21":0,"22":0,"23":0,"24":0,"25":0,"26":0,"27":0,"28":0,"29":0,"30":0,"31":0,"32":0,"33":0,"34":0,"35":0,"36":0,"37":0,"38":0,"39":0,"40":0,"41":0,"42":0,"43":0,"44":0,"45":0,"46":0,"47":0,"48":0,"49":0,"50":0,"51":0,"52":0,"53":0,"54":0,"55":0,"56":0,"57":0,"58":0,"59":0,"60":0,"61":0,"62":0,"63":0,"64":0,"65":0,"66":0,"67":0,"68":0,"69":0,"70":0,"71":0,"72":0,"73":0,"74":0,"75":0,"76":0,"77":0,"78":0,"79":0,"80":0,"81":0,"82":0,"83":0,"84":0,"85":0,"86":0,"87":0,"88":0,"89":0,"90":0,"91":0,"92":0,"93":0,"94":0,"95":0,"96":0,"97":0,"98":0,"99":0,"100":0,"101":0,"102":0,"103":0,"104":0,"105":0,"106":0,"107":0,"108":0,"109":0,"110":0,"111":0,"112":0,"113":0,"114":0,"115":0,"116":0,"117":0,"118":0,"119":0,"120":0,"121":0,"122":0,"123":0,"124":0,"125":0,"126":0,"127":0,"128":0,"129":0,"130":0,"131":0,"132":0,"133":0,"134":0,"135":0,"136":0,"137":0,"138":0,"139":0,"140":0,"141":0,"142":0,"143":0,"144":0,"145":0,"146":0,"147":0,"148":0,"149":0,"150":0,"151":0,"152":0,"153":0,"154":0,"155":0,"156":0,"157":0,"158":0,"159":0,"160":0,"161":0,"162":0,"163":0,"164":0,"165":0,"166":0,"167":0,"168":0,"169":0,"170":0,"171":0,"172":0,"173":0,"174":0,"175":0,"176":0,"177":0,"178":0,"179":0,"180":0,"181":0,"182":0,"183":0,"184":0,"185":0},"f":{"0":0,"1":0,"2":0,"3":0,"4":0,"5":0,"6":0,"7":0,"8":0,"9":0,"10":0,"11":0,"12":0,"13":0,"14":0,"15":0,"16":0,"17":0,"18":0,"19":0},"b":{"0":[0,0],"1":[0,0],"2":[0,0],"3":[0,0],"4":[0,0],"5":[0,0],"6":[0,0],"7":[0,0],"8":[0,0,0],"9":[0,0],"10":[0,0],"11":[0,0],"12":[0,0],"13":[0,0],"14":[0,0],"15":[0,0]}}
,"/Users/raimundomarin/Desktop/UANDES/Verificable/calendar-part-1-rjmarin/src/scripts/utils/modalutils.js": {"path":"/Users/raimundomarin/Desktop/UANDES/Verificable/calendar-part-1-rjmarin/src/scripts/utils/modalutils.js","statementMap":{"0":{"start":{"line":1,"column":17},"end":{"line":1,"column":36}},"1":{"start":{"line":2,"column":12},"end":{"line":2,"column":32}},"2":{"start":{"line":3,"column":15},"end":{"line":3,"column":30}},"3":{"start":{"line":4,"column":22},"end":{"line":4,"column":24}},"4":{"start":{"line":5,"column":21},"end":{"line":5,"column":79}},"5":{"start":{"line":6,"column":0},"end":{"line":6,"column":25}},"6":{"start":{"line":10,"column":19},"end":{"line":10,"column":55}},"7":{"start":{"line":11,"column":4},"end":{"line":17,"column":7}},"8":{"start":{"line":12,"column":24},"end":{"line":12,"column":63}},"9":{"start":{"line":13,"column":8},"end":{"line":13,"column":34}},"10":{"start":{"line":14,"column":21},"end":{"line":14,"column":46}},"11":{"start":{"line":15,"column":8},"end":{"line":15,"column":22}},"12":{"start":{"line":16,"column":8},"end":{"line":16,"column":23}},"13":{"start":{"line":18,"column":4},"end":{"line":18,"column":13}},"14":{"start":{"line":23,"column":17},"end":{"line":23,"column":19}},"15":{"start":{"line":24,"column":16},"end":{"line":24,"column":54}},"16":{"start":{"line":25,"column":22},"end":{"line":25,"column":66}},"17":{"start":{"line":26,"column":20},"end":{"line":26,"column":69}},"18":{"start":{"line":27,"column":16},"end":{"line":27,"column":68}},"19":{"start":{"line":28,"column":14},"end":{"line":28,"column":64}},"20":{"start":{"line":29,"column":4},"end":{"line":29,"column":23}},"21":{"start":{"line":30,"column":19},"end":{"line":30,"column":65}},"22":{"start":{"line":31,"column":17},"end":{"line":31,"column":59}},"23":{"start":{"line":32,"column":4},"end":{"line":44,"column":5}},"24":{"start":{"line":33,"column":12},"end":{"line":33,"column":35}},"25":{"start":{"line":34,"column":12},"end":{"line":34,"column":25}},"26":{"start":{"line":37,"column":8},"end":{"line":37,"column":91}},"27":{"start":{"line":38,"column":8},"end":{"line":38,"column":87}},"28":{"start":{"line":39,"column":8},"end":{"line":39,"column":27}},"29":{"start":{"line":40,"column":8},"end":{"line":40,"column":33}},"30":{"start":{"line":41,"column":8},"end":{"line":41,"column":33}},"31":{"start":{"line":42,"column":8},"end":{"line":42,"column":31}},"32":{"start":{"line":43,"column":8},"end":{"line":43,"column":31}},"33":{"start":{"line":45,"column":4},"end":{"line":45,"column":18}},"34":{"start":{"line":49,"column":17},"end":{"line":49,"column":54}},"35":{"start":{"line":50,"column":4},"end":{"line":66,"column":7}},"36":{"start":{"line":51,"column":8},"end":{"line":51,"column":34}},"37":{"start":{"line":52,"column":8},"end":{"line":65,"column":9}},"38":{"start":{"line":53,"column":12},"end":{"line":53,"column":35}},"39":{"start":{"line":55,"column":12},"end":{"line":59,"column":13}},"40":{"start":{"line":56,"column":16},"end":{"line":56,"column":106}},"41":{"start":{"line":58,"column":16},"end":{"line":58,"column":93}},"42":{"start":{"line":60,"column":28},"end":{"line":60,"column":67}},"43":{"start":{"line":61,"column":12},"end":{"line":61,"column":38}},"44":{"start":{"line":62,"column":12},"end":{"line":62,"column":26}},"45":{"start":{"line":63,"column":25},"end":{"line":63,"column":50}},"46":{"start":{"line":64,"column":12},"end":{"line":64,"column":27}},"47":{"start":{"line":70,"column":4},"end":{"line":70,"column":45}},"48":{"start":{"line":71,"column":4},"end":{"line":73,"column":5}},"49":{"start":{"line":72,"column":8},"end":{"line":72,"column":46}},"50":{"start":{"line":74,"column":4},"end":{"line":74,"column":30}},"51":{"start":{"line":75,"column":4},"end":{"line":75,"column":30}},"52":{"start":{"line":76,"column":4},"end":{"line":76,"column":17}},"53":{"start":{"line":82,"column":20},"end":{"line":82,"column":59}},"54":{"start":{"line":83,"column":4},"end":{"line":91,"column":7}},"55":{"start":{"line":84,"column":8},"end":{"line":84,"column":42}},"56":{"start":{"line":85,"column":24},"end":{"line":85,"column":63}},"57":{"start":{"line":86,"column":8},"end":{"line":86,"column":34}},"58":{"start":{"line":87,"column":8},"end":{"line":87,"column":22}},"59":{"start":{"line":88,"column":21},"end":{"line":88,"column":46}},"60":{"start":{"line":89,"column":8},"end":{"line":89,"column":23}},"61":{"start":{"line":90,"column":8},"end":{"line":90,"column":17}},"62":{"start":{"line":92,"column":4},"end":{"line":92,"column":13}},"63":{"start":{"line":96,"column":4},"end":{"line":96,"column":48}},"64":{"start":{"line":97,"column":4},"end":{"line":97,"column":48}},"65":{"start":{"line":98,"column":4},"end":{"line":98,"column":54}},"66":{"start":{"line":99,"column":4},"end":{"line":99,"column":52}},"67":{"start":{"line":100,"column":4},"end":{"line":100,"column":50}},"68":{"start":{"line":101,"column":4},"end":{"line":101,"column":13}},"69":{"start":{"line":104,"column":0},"end":{"line":111,"column":2}}},"fnMap":{"0":{"name":"closeModal","decl":{"start":{"line":9,"column":9},"end":{"line":9,"column":19}},"loc":{"start":{"line":9,"column":23},"end":{"line":19,"column":1}},"line":9},"1":{"name":"(anonymous_1)","decl":{"start":{"line":11,"column":39},"end":{"line":11,"column":40}},"loc":{"start":{"line":11,"column":51},"end":{"line":17,"column":5}},"line":11},"2":{"name":"getInputValues","decl":{"start":{"line":22,"column":9},"end":{"line":22,"column":23}},"loc":{"start":{"line":22,"column":27},"end":{"line":46,"column":1}},"line":22},"3":{"name":"saveEvent","decl":{"start":{"line":48,"column":9},"end":{"line":48,"column":18}},"loc":{"start":{"line":48,"column":22},"end":{"line":67,"column":1}},"line":48},"4":{"name":"(anonymous_4)","decl":{"start":{"line":50,"column":37},"end":{"line":50,"column":38}},"loc":{"start":{"line":50,"column":49},"end":{"line":66,"column":5}},"line":50},"5":{"name":"errorMsg","decl":{"start":{"line":69,"column":9},"end":{"line":69,"column":17}},"loc":{"start":{"line":69,"column":28},"end":{"line":77,"column":1}},"line":69},"6":{"name":"deleteEvent","decl":{"start":{"line":81,"column":9},"end":{"line":81,"column":20}},"loc":{"start":{"line":81,"column":24},"end":{"line":93,"column":1}},"line":81},"7":{"name":"(anonymous_7)","decl":{"start":{"line":83,"column":40},"end":{"line":83,"column":41}},"loc":{"start":{"line":83,"column":52},"end":{"line":91,"column":5}},"line":83},"8":{"name":"emptyInputs","decl":{"start":{"line":95,"column":9},"end":{"line":95,"column":20}},"loc":{"start":{"line":95,"column":24},"end":{"line":102,"column":1}},"line":95}},"branchMap":{"0":{"loc":{"start":{"line":32,"column":4},"end":{"line":44,"column":5}},"type":"if","locations":[{"start":{"line":32,"column":4},"end":{"line":44,"column":5}},{"start":{"line":32,"column":4},"end":{"line":44,"column":5}}],"line":32},"1":{"loc":{"start":{"line":32,"column":8},"end":{"line":32,"column":35}},"type":"binary-expr","locations":[{"start":{"line":32,"column":8},"end":{"line":32,"column":20}},{"start":{"line":32,"column":24},"end":{"line":32,"column":35}}],"line":32},"2":{"loc":{"start":{"line":52,"column":8},"end":{"line":65,"column":9}},"type":"if","locations":[{"start":{"line":52,"column":8},"end":{"line":65,"column":9}},{"start":{"line":52,"column":8},"end":{"line":65,"column":9}}],"line":52},"3":{"loc":{"start":{"line":55,"column":12},"end":{"line":59,"column":13}},"type":"if","locations":[{"start":{"line":55,"column":12},"end":{"line":59,"column":13}},{"start":{"line":55,"column":12},"end":{"line":59,"column":13}}],"line":55},"4":{"loc":{"start":{"line":71,"column":4},"end":{"line":73,"column":5}},"type":"if","locations":[{"start":{"line":71,"column":4},"end":{"line":73,"column":5}},{"start":{"line":71,"column":4},"end":{"line":73,"column":5}}],"line":71}},"s":{"0":1,"1":1,"2":1,"3":1,"4":1,"5":1,"6":1,"7":1,"8":0,"9":0,"10":0,"11":0,"12":0,"13":1,"14":1,"15":1,"16":1,"17":1,"18":1,"19":1,"20":1,"21":1,"22":1,"23":1,"24":1,"25":1,"26":0,"27":0,"28":0,"29":0,"30":0,"31":0,"32":0,"33":0,"34":0,"35":0,"36":0,"37":0,"38":0,"39":0,"40":0,"41":0,"42":0,"43":0,"44":0,"45":0,"46":0,"47":2,"48":2,"49":0,"50":2,"51":2,"52":2,"53":1,"54":1,"55":0,"56":0,"57":0,"58":0,"59":0,"60":0,"61":0,"62":1,"63":1,"64":1,"65":1,"66":1,"67":1,"68":1,"69":1},"f":{"0":1,"1":0,"2":1,"3":0,"4":0,"5":2,"6":1,"7":0,"8":1},"b":{"0":[1,0],"1":[1,0],"2":[0,0],"3":[0,0],"4":[0,2]},"_coverageSchema":"1a1c01bbd47fc00a2c39e90264f33305004495a9","hash":"eebfab3060cae63556b538ca62b39dbd84041695"}
,"/Users/raimundomarin/Desktop/UANDES/Verificable/calendar-part-1-rjmarin/src/scripts/utils/rendererUtils.js": {"path":"/Users/raimundomarin/Desktop/UANDES/Verificable/calendar-part-1-rjmarin/src/scripts/utils/rendererUtils.js","statementMap":{"0":{"start":{"line":1,"column":19},"end":{"line":2,"column":65}},"1":{"start":{"line":3,"column":21},"end":{"line":3,"column":25}},"2":{"start":{"line":4,"column":19},"end":{"line":4,"column":23}},"3":{"start":{"line":5,"column":18},"end":{"line":5,"column":19}},"4":{"start":{"line":6,"column":13},"end":{"line":6,"column":14}},"5":{"start":{"line":7,"column":12},"end":{"line":7,"column":22}},"6":{"start":{"line":8,"column":19},"end":{"line":8,"column":35}},"7":{"start":{"line":9,"column":18},"end":{"line":9,"column":37}},"8":{"start":{"line":10,"column":18},"end":{"line":10,"column":33}},"9":{"start":{"line":13,"column":27},"end":{"line":13,"column":102}},"10":{"start":{"line":14,"column":17},"end":{"line":14,"column":45}},"11":{"start":{"line":15,"column":4},"end":{"line":17,"column":5}},"12":{"start":{"line":16,"column":8},"end":{"line":16,"column":48}},"13":{"start":{"line":18,"column":4},"end":{"line":18,"column":28}},"14":{"start":{"line":22,"column":4},"end":{"line":22,"column":54}},"15":{"start":{"line":26,"column":4},"end":{"line":26,"column":35}},"16":{"start":{"line":27,"column":4},"end":{"line":27,"column":37}},"17":{"start":{"line":28,"column":4},"end":{"line":28,"column":33}},"18":{"start":{"line":29,"column":4},"end":{"line":29,"column":51}},"19":{"start":{"line":33,"column":22},"end":{"line":33,"column":61}},"20":{"start":{"line":34,"column":4},"end":{"line":36,"column":5}},"21":{"start":{"line":35,"column":8},"end":{"line":35,"column":55}},"22":{"start":{"line":37,"column":4},"end":{"line":42,"column":5}},"23":{"start":{"line":38,"column":19},"end":{"line":38,"column":51}},"24":{"start":{"line":39,"column":6},"end":{"line":39,"column":42}},"25":{"start":{"line":40,"column":6},"end":{"line":40,"column":43}},"26":{"start":{"line":41,"column":6},"end":{"line":41,"column":38}},"27":{"start":{"line":43,"column":4},"end":{"line":43,"column":13}},"28":{"start":{"line":47,"column":21},"end":{"line":47,"column":59}},"29":{"start":{"line":48,"column":4},"end":{"line":50,"column":5}},"30":{"start":{"line":49,"column":8},"end":{"line":49,"column":54}},"31":{"start":{"line":51,"column":4},"end":{"line":56,"column":5}},"32":{"start":{"line":51,"column":20},"end":{"line":51,"column":32}},"33":{"start":{"line":52,"column":19},"end":{"line":52,"column":51}},"34":{"start":{"line":53,"column":6},"end":{"line":53,"column":41}},"35":{"start":{"line":54,"column":6},"end":{"line":54,"column":30}},"36":{"start":{"line":55,"column":6},"end":{"line":55,"column":37}},"37":{"start":{"line":57,"column":4},"end":{"line":57,"column":13}},"38":{"start":{"line":60,"column":0},"end":{"line":66,"column":4}}},"fnMap":{"0":{"name":"getDaysInWeek","decl":{"start":{"line":12,"column":9},"end":{"line":12,"column":22}},"loc":{"start":{"line":12,"column":34},"end":{"line":19,"column":1}},"line":12},"1":{"name":"daysInMonths","decl":{"start":{"line":21,"column":9},"end":{"line":21,"column":21}},"loc":{"start":{"line":21,"column":36},"end":{"line":23,"column":1}},"line":21},"2":{"name":"currentDate","decl":{"start":{"line":25,"column":9},"end":{"line":25,"column":20}},"loc":{"start":{"line":25,"column":28},"end":{"line":30,"column":1}},"line":25},"3":{"name":"monthSelect","decl":{"start":{"line":32,"column":9},"end":{"line":32,"column":20}},"loc":{"start":{"line":32,"column":24},"end":{"line":44,"column":1}},"line":32},"4":{"name":"yearSelect","decl":{"start":{"line":46,"column":9},"end":{"line":46,"column":19}},"loc":{"start":{"line":46,"column":23},"end":{"line":58,"column":1}},"line":46}},"branchMap":{"0":{"loc":{"start":{"line":15,"column":11},"end":{"line":15,"column":102}},"type":"binary-expr","locations":[{"start":{"line":15,"column":11},"end":{"line":15,"column":67}},{"start":{"line":15,"column":71},"end":{"line":15,"column":102}}],"line":15},"1":{"loc":{"start":{"line":34,"column":4},"end":{"line":36,"column":5}},"type":"if","locations":[{"start":{"line":34,"column":4},"end":{"line":36,"column":5}},{"start":{"line":34,"column":4},"end":{"line":36,"column":5}}],"line":34},"2":{"loc":{"start":{"line":48,"column":4},"end":{"line":50,"column":5}},"type":"if","locations":[{"start":{"line":48,"column":4},"end":{"line":50,"column":5}},{"start":{"line":48,"column":4},"end":{"line":50,"column":5}}],"line":48}},"s":{"0":1,"1":1,"2":1,"3":1,"4":1,"5":1,"6":1,"7":1,"8":1,"9":1,"10":1,"11":1,"12":6,"13":1,"14":1,"15":1,"16":1,"17":1,"18":1,"19":1,"20":1,"21":1,"22":1,"23":12,"24":12,"25":12,"26":12,"27":1,"28":1,"29":1,"30":1,"31":1,"32":1,"33":41,"34":41,"35":41,"36":41,"37":1,"38":1},"f":{"0":1,"1":1,"2":1,"3":1,"4":1},"b":{"0":[7,7],"1":[1,0],"2":[1,0]},"_coverageSchema":"1a1c01bbd47fc00a2c39e90264f33305004495a9","hash":"a68a744d8f2bd40b433f5ce7d6a40aa1d6466262"}
}
