TN:
SF:src/scripts/dbProvider.js
FN:3,dbConnect
FN:11,(anonymous_1)
FN:20,setEvent
FN:22,(anonymous_3)
FN:33,updateEvent
FN:35,(anonymous_5)
FNF:6
FNH:3
FNDA:1,dbConnect
FNDA:0,(anonymous_1)
FNDA:1,setEvent
FNDA:0,(anonymous_3)
FNDA:2,updateEvent
FNDA:0,(anonymous_5)
DA:1,1
DA:4,1
DA:11,1
DA:12,0
DA:13,0
DA:16,1
DA:17,1
DA:21,1
DA:22,1
DA:23,0
DA:24,0
DA:25,0
DA:26,0
DA:30,1
DA:34,2
DA:35,2
DA:36,0
DA:37,0
DA:38,0
DA:39,0
DA:40,0
DA:41,0
DA:45,2
DA:48,1
LF:24
LH:12
BRDA:12,0,0,0
BRDA:12,0,1,0
BRDA:23,1,0,0
BRDA:23,1,1,0
BRDA:38,2,0,0
BRDA:38,2,1,0
BRF:6
BRH:0
end_of_record
TN:
SF:src/scripts/login.js
FN:9,login
FN:15,(anonymous_1)
FN:32,errorMsg
FNF:3
FNH:3
FNDA:2,login
FNDA:1,(anonymous_1)
FNDA:2,errorMsg
DA:1,1
DA:2,1
DA:3,1
DA:4,1
DA:5,1
DA:6,1
DA:10,2
DA:11,2
DA:12,1
DA:13,1
DA:15,2
DA:16,1
DA:17,1
DA:18,1
DA:19,1
DA:22,0
DA:23,0
DA:24,0
DA:26,0
DA:28,2
DA:34,2
DA:35,2
DA:36,2
DA:37,2
DA:40,1
LF:25
LH:21
BRDA:11,0,0,1
BRDA:11,0,1,1
BRDA:17,1,0,1
BRDA:17,1,1,0
BRF:4
BRH:3
end_of_record
TN:
SF:src/scripts/modal.js
FN:12,(anonymous_0)
FN:22,getUsers
FN:29,getEvent
FN:31,(anonymous_3)
FN:42,(anonymous_4)
FN:45,(anonymous_5)
FN:55,saveEvent
FN:57,(anonymous_7)
FN:76,errorMsg
FN:86,deleteEvent
FN:88,(anonymous_10)
FNF:11
FNH:0
FNDA:0,(anonymous_0)
FNDA:0,getUsers
FNDA:0,getEvent
FNDA:0,(anonymous_3)
FNDA:0,(anonymous_4)
FNDA:0,(anonymous_5)
FNDA:0,saveEvent
FNDA:0,(anonymous_7)
FNDA:0,errorMsg
FNDA:0,deleteEvent
FNDA:0,(anonymous_10)
DA:1,0
DA:2,0
DA:3,0
DA:5,0
DA:6,0
DA:7,0
DA:8,0
DA:9,0
DA:10,0
DA:12,0
DA:13,0
DA:14,0
DA:15,0
DA:16,0
DA:17,0
DA:18,0
DA:19,0
DA:23,0
DA:24,0
DA:25,0
DA:30,0
DA:31,0
DA:32,0
DA:33,0
DA:34,0
DA:35,0
DA:36,0
DA:37,0
DA:38,0
DA:39,0
DA:40,0
DA:42,0
DA:43,0
DA:44,0
DA:45,0
DA:46,0
DA:48,0
DA:49,0
DA:56,0
DA:57,0
DA:58,0
DA:59,0
DA:60,0
DA:62,0
DA:63,0
DA:65,0
DA:67,0
DA:68,0
DA:69,0
DA:70,0
DA:71,0
DA:77,0
DA:78,0
DA:79,0
DA:81,0
DA:82,0
DA:83,0
DA:87,0
DA:88,0
DA:89,0
DA:90,0
DA:91,0
DA:92,0
DA:93,0
DA:94,0
DA:95,0
DA:97,0
LF:67
LH:0
BRDA:33,0,0,0
BRDA:33,0,1,0
BRDA:44,1,0,0
BRDA:44,1,1,0
BRDA:48,2,0,0
BRDA:48,2,1,0
BRDA:59,3,0,0
BRDA:59,3,1,0
BRDA:62,4,0,0
BRDA:62,4,1,0
BRDA:78,5,0,0
BRDA:78,5,1,0
BRF:12
BRH:0
end_of_record
TN:
SF:src/scripts/renderer.js
FN:44,getUser
FN:49,currentDate
FN:57,createModal
FN:71,openModal
FN:77,(anonymous_4)
FN:88,getHeaderCalendar
FN:110,changeCalendar
FN:112,(anonymous_7)
FN:118,(anonymous_8)
FN:125,navegateCalendar
FN:136,onChangeMonth
FN:142,onChangeYear
FN:148,nextWeek
FN:150,(anonymous_13)
FN:156,previousWeek
FN:158,(anonymous_15)
FN:166,createCalendarMonth
FN:211,createCalendarWeek
FN:242,fillEventMonth
FN:267,fillEventWeek
FNF:20
FNH:0
FNDA:0,getUser
FNDA:0,currentDate
FNDA:0,createModal
FNDA:0,openModal
FNDA:0,(anonymous_4)
FNDA:0,getHeaderCalendar
FNDA:0,changeCalendar
FNDA:0,(anonymous_7)
FNDA:0,(anonymous_8)
FNDA:0,navegateCalendar
FNDA:0,onChangeMonth
FNDA:0,onChangeYear
FNDA:0,nextWeek
FNDA:0,(anonymous_13)
FNDA:0,previousWeek
FNDA:0,(anonymous_15)
FNDA:0,createCalendarMonth
FNDA:0,createCalendarWeek
FNDA:0,fillEventMonth
FNDA:0,fillEventWeek
DA:4,0
DA:5,0
DA:6,0
DA:7,0
DA:8,0
DA:9,0
DA:12,0
DA:13,0
DA:14,0
DA:15,0
DA:16,0
DA:17,0
DA:18,0
DA:19,0
DA:20,0
DA:21,0
DA:22,0
DA:23,0
DA:24,0
DA:25,0
DA:26,0
DA:27,0
DA:28,0
DA:30,0
DA:31,0
DA:32,0
DA:33,0
DA:34,0
DA:35,0
DA:36,0
DA:37,0
DA:38,0
DA:39,0
DA:40,0
DA:41,0
DA:45,0
DA:46,0
DA:50,0
DA:51,0
DA:52,0
DA:58,0
DA:68,0
DA:72,0
DA:73,0
DA:74,0
DA:75,0
DA:76,0
DA:77,0
DA:78,0
DA:79,0
DA:81,0
DA:89,0
DA:90,0
DA:91,0
DA:92,0
DA:93,0
DA:94,0
DA:97,0
DA:98,0
DA:99,0
DA:100,0
DA:111,0
DA:112,0
DA:113,0
DA:114,0
DA:115,0
DA:117,0
DA:118,0
DA:119,0
DA:120,0
DA:121,0
DA:126,0
DA:127,0
DA:128,0
DA:130,0
DA:131,0
DA:137,0
DA:138,0
DA:139,0
DA:143,0
DA:144,0
DA:145,0
DA:149,0
DA:150,0
DA:151,0
DA:152,0
DA:157,0
DA:158,0
DA:159,0
DA:160,0
DA:167,0
DA:168,0
DA:169,0
DA:171,0
DA:172,0
DA:173,0
DA:175,0
DA:176,0
DA:177,0
DA:178,0
DA:179,0
DA:180,0
DA:181,0
DA:182,0
DA:184,0
DA:185,0
DA:186,0
DA:187,0
DA:188,0
DA:189,0
DA:190,0
DA:191,0
DA:194,0
DA:195,0
DA:196,0
DA:197,0
DA:199,0
DA:200,0
DA:201,0
DA:202,0
DA:205,0
DA:207,0
DA:212,0
DA:213,0
DA:214,0
DA:215,0
DA:216,0
DA:217,0
DA:218,0
DA:219,0
DA:220,0
DA:221,0
DA:222,0
DA:223,0
DA:224,0
DA:225,0
DA:226,0
DA:227,0
DA:228,0
DA:230,0
DA:231,0
DA:233,0
DA:235,0
DA:237,0
DA:243,0
DA:244,0
DA:245,0
DA:246,0
DA:247,0
DA:248,0
DA:249,0
DA:250,0
DA:252,0
DA:253,0
DA:254,0
DA:255,0
DA:256,0
DA:257,0
DA:258,0
DA:259,0
DA:260,0
DA:261,0
DA:263,0
DA:268,0
DA:269,0
DA:270,0
DA:271,0
DA:272,0
DA:273,0
DA:274,0
DA:275,0
DA:276,0
DA:277,0
DA:279,0
DA:280,0
DA:281,0
DA:282,0
DA:283,0
DA:284,0
DA:285,0
DA:286,0
DA:287,0
DA:288,0
DA:290,0
DA:292,0
LF:185
LH:0
BRDA:78,0,0,0
BRDA:78,0,1,0
BRDA:90,1,0,0
BRDA:90,1,1,0
BRDA:126,2,0,0
BRDA:126,2,1,0
BRDA:172,3,0,0
BRDA:172,3,1,0
BRDA:181,4,0,0
BRDA:181,4,1,0
BRDA:190,5,0,0
BRDA:190,5,1,0
BRDA:190,6,0,0
BRDA:190,6,1,0
BRDA:194,7,0,0
BRDA:194,7,1,0
BRDA:194,8,0,0
BRDA:194,8,1,0
BRDA:194,8,2,0
BRDA:227,9,0,0
BRDA:227,9,1,0
BRDA:230,10,0,0
BRDA:230,10,1,0
BRDA:230,11,0,0
BRDA:230,11,1,0
BRDA:249,12,0,0
BRDA:249,12,1,0
BRDA:259,13,0,0
BRDA:259,13,1,0
BRDA:276,14,0,0
BRDA:276,14,1,0
BRDA:287,15,0,0
BRDA:287,15,1,0
BRF:33
BRH:0
end_of_record
TN:
SF:src/scripts/utils/modalutils.js
FN:10,closeModal
FN:12,(anonymous_1)
FN:23,getInputValues
FN:50,saveEvent
FN:52,(anonymous_4)
FN:71,errorMsg
FN:83,deleteEvent
FN:85,(anonymous_7)
FN:97,emptyInputs
FNF:9
FNH:5
FNDA:1,closeModal
FNDA:0,(anonymous_1)
FNDA:1,getInputValues
FNDA:0,saveEvent
FNDA:0,(anonymous_4)
FNDA:2,errorMsg
FNDA:1,deleteEvent
FNDA:0,(anonymous_7)
FNDA:1,emptyInputs
DA:1,1
DA:2,1
DA:3,1
DA:4,1
DA:5,1
DA:6,1
DA:11,1
DA:12,1
DA:13,0
DA:14,0
DA:15,0
DA:16,0
DA:17,0
DA:19,1
DA:24,1
DA:25,1
DA:26,1
DA:27,1
DA:28,1
DA:29,1
DA:30,1
DA:31,1
DA:32,1
DA:33,1
DA:34,1
DA:35,1
DA:38,0
DA:39,0
DA:40,0
DA:41,0
DA:42,0
DA:43,0
DA:44,0
DA:46,0
DA:51,0
DA:52,0
DA:53,0
DA:54,0
DA:55,0
DA:57,0
DA:58,0
DA:60,0
DA:62,0
DA:63,0
DA:64,0
DA:65,0
DA:66,0
DA:72,2
DA:73,2
DA:74,0
DA:76,2
DA:77,2
DA:78,2
DA:84,1
DA:85,1
DA:86,0
DA:87,0
DA:88,0
DA:89,0
DA:90,0
DA:91,0
DA:92,0
DA:94,1
DA:98,1
DA:99,1
DA:100,1
DA:101,1
DA:102,1
DA:103,1
DA:106,1
LF:70
LH:36
BRDA:33,0,0,1
BRDA:33,0,1,0
BRDA:33,1,0,1
BRDA:33,1,1,0
BRDA:54,2,0,0
BRDA:54,2,1,0
BRDA:57,3,0,0
BRDA:57,3,1,0
BRDA:73,4,0,0
BRDA:73,4,1,2
BRF:10
BRH:3
end_of_record
TN:
SF:src/scripts/utils/rendererUtils.js
FN:16,getDaysInWeek
FN:25,daysInMonths
FN:29,currentDate
FN:36,monthSelect
FN:50,yearSelect
FNF:5
FNH:5
FNDA:1,getDaysInWeek
FNDA:1,daysInMonths
FNDA:1,currentDate
FNDA:1,monthSelect
FNDA:1,yearSelect
DA:4,1
DA:5,1
DA:7,1
DA:8,1
DA:9,1
DA:10,1
DA:11,1
DA:12,1
DA:13,1
DA:14,1
DA:17,1
DA:18,1
DA:19,1
DA:20,6
DA:22,1
DA:26,1
DA:30,1
DA:31,1
DA:32,1
DA:33,1
DA:37,1
DA:38,1
DA:39,1
DA:41,1
DA:42,12
DA:43,12
DA:44,12
DA:45,12
DA:47,1
DA:51,1
DA:52,1
DA:53,1
DA:55,1
DA:56,41
DA:57,41
DA:58,41
DA:59,41
DA:61,1
DA:64,1
LF:39
LH:39
BRDA:19,0,0,7
BRDA:19,0,1,7
BRDA:38,1,0,1
BRDA:38,1,1,0
BRDA:52,2,0,1
BRDA:52,2,1,0
BRF:6
BRH:4
end_of_record
