TN:
SF:src/scripts/dbProvider.js
FN:3,dbConnect
FN:11,(anonymous_1)
FN:20,setEvent
FN:22,(anonymous_3)
FN:33,updateEvent
FN:35,(anonymous_5)
FNF:6
FNH:3
FNDA:1,dbConnect
FNDA:0,(anonymous_1)
FNDA:1,setEvent
FNDA:0,(anonymous_3)
FNDA:2,updateEvent
FNDA:0,(anonymous_5)
DA:1,1
DA:4,1
DA:11,1
DA:12,0
DA:13,0
DA:16,1
DA:17,1
DA:21,1
DA:22,1
DA:23,0
DA:24,0
DA:25,0
DA:26,0
DA:30,1
DA:34,2
DA:35,2
DA:36,0
DA:37,0
DA:38,0
DA:39,0
DA:40,0
DA:41,0
DA:45,2
DA:48,1
LF:24
LH:12
BRDA:12,0,0,0
BRDA:12,0,1,0
BRDA:23,1,0,0
BRDA:23,1,1,0
BRDA:38,2,0,0
BRDA:38,2,1,0
BRF:6
BRH:0
end_of_record
TN:
SF:src/scripts/login.js
FN:8,login
FN:14,(anonymous_1)
FN:30,errorMsg
FNF:3
FNH:3
FNDA:2,login
FNDA:1,(anonymous_1)
FNDA:2,errorMsg
DA:1,1
DA:2,1
DA:3,1
DA:4,1
DA:5,1
DA:6,1
DA:9,2
DA:10,2
DA:11,1
DA:12,1
DA:14,2
DA:15,1
DA:16,1
DA:17,1
DA:18,1
DA:21,0
DA:22,0
DA:23,0
DA:25,0
DA:27,2
DA:31,2
DA:32,2
DA:33,2
DA:34,2
DA:37,1
LF:25
LH:21
BRDA:10,0,0,1
BRDA:10,0,1,1
BRDA:16,1,0,1
BRDA:16,1,1,0
BRF:4
BRH:3
end_of_record
TN:
SF:src/scripts/modal.js
FN:11,(anonymous_0)
FN:21,getUsers
FN:28,getEvent
FN:30,(anonymous_3)
FN:41,(anonymous_4)
FN:44,(anonymous_5)
FN:54,saveEvent
FN:56,(anonymous_7)
FN:75,errorMsg
FN:85,deleteEvent
FN:87,(anonymous_10)
FNF:11
FNH:0
FNDA:0,(anonymous_0)
FNDA:0,getUsers
FNDA:0,getEvent
FNDA:0,(anonymous_3)
FNDA:0,(anonymous_4)
FNDA:0,(anonymous_5)
FNDA:0,saveEvent
FNDA:0,(anonymous_7)
FNDA:0,errorMsg
FNDA:0,deleteEvent
FNDA:0,(anonymous_10)
DA:1,0
DA:2,0
DA:3,0
DA:5,0
DA:6,0
DA:7,0
DA:8,0
DA:9,0
DA:11,0
DA:12,0
DA:13,0
DA:14,0
DA:15,0
DA:16,0
DA:17,0
DA:18,0
DA:22,0
DA:23,0
DA:24,0
DA:29,0
DA:30,0
DA:31,0
DA:32,0
DA:33,0
DA:34,0
DA:35,0
DA:36,0
DA:37,0
DA:38,0
DA:39,0
DA:41,0
DA:42,0
DA:43,0
DA:44,0
DA:45,0
DA:47,0
DA:48,0
DA:55,0
DA:56,0
DA:57,0
DA:58,0
DA:59,0
DA:61,0
DA:62,0
DA:64,0
DA:66,0
DA:67,0
DA:68,0
DA:69,0
DA:70,0
DA:76,0
DA:77,0
DA:78,0
DA:80,0
DA:81,0
DA:82,0
DA:86,0
DA:87,0
DA:88,0
DA:89,0
DA:90,0
DA:91,0
DA:92,0
DA:93,0
DA:95,0
LF:65
LH:0
BRDA:32,0,0,0
BRDA:32,0,1,0
BRDA:43,1,0,0
BRDA:43,1,1,0
BRDA:47,2,0,0
BRDA:47,2,1,0
BRDA:58,3,0,0
BRDA:58,3,1,0
BRDA:61,4,0,0
BRDA:61,4,1,0
BRDA:77,5,0,0
BRDA:77,5,1,0
BRF:12
BRH:0
end_of_record
TN:
SF:src/scripts/renderer.js
FN:41,getUser
FN:46,currentDate
FN:54,createModal
FN:68,openModal
FN:74,(anonymous_4)
FN:85,getHeaderCalendar
FN:103,changeCalendar
FN:105,(anonymous_7)
FN:111,(anonymous_8)
FN:118,navegateCalendar
FN:129,onChangeMonth
FN:135,onChangeYear
FN:141,nextWeek
FN:143,(anonymous_13)
FN:149,previousWeek
FN:151,(anonymous_15)
FN:159,createCalendarMonth
FN:204,createCalendarWeek
FN:235,fillEventMonth
FN:260,fillEventWeek
FNF:20
FNH:0
FNDA:0,getUser
FNDA:0,currentDate
FNDA:0,createModal
FNDA:0,openModal
FNDA:0,(anonymous_4)
FNDA:0,getHeaderCalendar
FNDA:0,changeCalendar
FNDA:0,(anonymous_7)
FNDA:0,(anonymous_8)
FNDA:0,navegateCalendar
FNDA:0,onChangeMonth
FNDA:0,onChangeYear
FNDA:0,nextWeek
FNDA:0,(anonymous_13)
FNDA:0,previousWeek
FNDA:0,(anonymous_15)
FNDA:0,createCalendarMonth
FNDA:0,createCalendarWeek
FNDA:0,fillEventMonth
FNDA:0,fillEventWeek
DA:4,0
DA:5,0
DA:6,0
DA:7,0
DA:8,0
DA:9,0
DA:12,0
DA:13,0
DA:14,0
DA:15,0
DA:16,0
DA:17,0
DA:18,0
DA:19,0
DA:20,0
DA:21,0
DA:22,0
DA:23,0
DA:24,0
DA:25,0
DA:27,0
DA:28,0
DA:29,0
DA:30,0
DA:31,0
DA:32,0
DA:33,0
DA:34,0
DA:35,0
DA:36,0
DA:37,0
DA:38,0
DA:42,0
DA:43,0
DA:47,0
DA:48,0
DA:49,0
DA:55,0
DA:65,0
DA:69,0
DA:70,0
DA:71,0
DA:72,0
DA:73,0
DA:74,0
DA:75,0
DA:76,0
DA:78,0
DA:86,0
DA:87,0
DA:88,0
DA:89,0
DA:90,0
DA:91,0
DA:94,0
DA:95,0
DA:96,0
DA:97,0
DA:104,0
DA:105,0
DA:106,0
DA:107,0
DA:108,0
DA:110,0
DA:111,0
DA:112,0
DA:113,0
DA:114,0
DA:119,0
DA:120,0
DA:121,0
DA:123,0
DA:124,0
DA:130,0
DA:131,0
DA:132,0
DA:136,0
DA:137,0
DA:138,0
DA:142,0
DA:143,0
DA:144,0
DA:145,0
DA:150,0
DA:151,0
DA:152,0
DA:153,0
DA:160,0
DA:161,0
DA:162,0
DA:164,0
DA:165,0
DA:166,0
DA:168,0
DA:169,0
DA:170,0
DA:171,0
DA:172,0
DA:173,0
DA:174,0
DA:175,0
DA:177,0
DA:178,0
DA:179,0
DA:180,0
DA:181,0
DA:182,0
DA:183,0
DA:184,0
DA:187,0
DA:188,0
DA:189,0
DA:190,0
DA:192,0
DA:193,0
DA:194,0
DA:195,0
DA:198,0
DA:200,0
DA:205,0
DA:206,0
DA:207,0
DA:208,0
DA:209,0
DA:210,0
DA:211,0
DA:212,0
DA:213,0
DA:214,0
DA:215,0
DA:216,0
DA:217,0
DA:218,0
DA:219,0
DA:220,0
DA:221,0
DA:223,0
DA:224,0
DA:226,0
DA:228,0
DA:230,0
DA:236,0
DA:237,0
DA:238,0
DA:239,0
DA:240,0
DA:241,0
DA:242,0
DA:243,0
DA:245,0
DA:246,0
DA:247,0
DA:248,0
DA:249,0
DA:250,0
DA:251,0
DA:252,0
DA:253,0
DA:254,0
DA:256,0
DA:261,0
DA:262,0
DA:263,0
DA:264,0
DA:265,0
DA:266,0
DA:267,0
DA:268,0
DA:269,0
DA:270,0
DA:272,0
DA:273,0
DA:274,0
DA:275,0
DA:276,0
DA:277,0
DA:278,0
DA:279,0
DA:280,0
DA:281,0
DA:283,0
DA:285,0
LF:182
LH:0
BRDA:75,0,0,0
BRDA:75,0,1,0
BRDA:87,1,0,0
BRDA:87,1,1,0
BRDA:119,2,0,0
BRDA:119,2,1,0
BRDA:165,3,0,0
BRDA:165,3,1,0
BRDA:174,4,0,0
BRDA:174,4,1,0
BRDA:183,5,0,0
BRDA:183,5,1,0
BRDA:183,6,0,0
BRDA:183,6,1,0
BRDA:187,7,0,0
BRDA:187,7,1,0
BRDA:187,8,0,0
BRDA:187,8,1,0
BRDA:187,8,2,0
BRDA:220,9,0,0
BRDA:220,9,1,0
BRDA:223,10,0,0
BRDA:223,10,1,0
BRDA:223,11,0,0
BRDA:223,11,1,0
BRDA:242,12,0,0
BRDA:242,12,1,0
BRDA:252,13,0,0
BRDA:252,13,1,0
BRDA:269,14,0,0
BRDA:269,14,1,0
BRDA:280,15,0,0
BRDA:280,15,1,0
BRF:33
BRH:0
end_of_record
TN:
SF:src/scripts/utils/modalutils.js
FN:9,closeModal
FN:11,(anonymous_1)
FN:22,getInputValues
FN:48,saveEvent
FN:50,(anonymous_4)
FN:69,errorMsg
FN:81,deleteEvent
FN:83,(anonymous_7)
FN:95,emptyInputs
FNF:9
FNH:5
FNDA:1,closeModal
FNDA:0,(anonymous_1)
FNDA:1,getInputValues
FNDA:0,saveEvent
FNDA:0,(anonymous_4)
FNDA:2,errorMsg
FNDA:1,deleteEvent
FNDA:0,(anonymous_7)
FNDA:1,emptyInputs
DA:1,1
DA:2,1
DA:3,1
DA:4,1
DA:5,1
DA:6,1
DA:10,1
DA:11,1
DA:12,0
DA:13,0
DA:14,0
DA:15,0
DA:16,0
DA:18,1
DA:23,1
DA:24,1
DA:25,1
DA:26,1
DA:27,1
DA:28,1
DA:29,1
DA:30,1
DA:31,1
DA:32,1
DA:33,1
DA:34,1
DA:37,0
DA:38,0
DA:39,0
DA:40,0
DA:41,0
DA:42,0
DA:43,0
DA:45,0
DA:49,0
DA:50,0
DA:51,0
DA:52,0
DA:53,0
DA:55,0
DA:56,0
DA:58,0
DA:60,0
DA:61,0
DA:62,0
DA:63,0
DA:64,0
DA:70,2
DA:71,2
DA:72,0
DA:74,2
DA:75,2
DA:76,2
DA:82,1
DA:83,1
DA:84,0
DA:85,0
DA:86,0
DA:87,0
DA:88,0
DA:89,0
DA:90,0
DA:92,1
DA:96,1
DA:97,1
DA:98,1
DA:99,1
DA:100,1
DA:101,1
DA:104,1
LF:70
LH:36
BRDA:32,0,0,1
BRDA:32,0,1,0
BRDA:32,1,0,1
BRDA:32,1,1,0
BRDA:52,2,0,0
BRDA:52,2,1,0
BRDA:55,3,0,0
BRDA:55,3,1,0
BRDA:71,4,0,0
BRDA:71,4,1,2
BRF:10
BRH:3
end_of_record
TN:
SF:src/scripts/utils/rendererUtils.js
FN:12,getDaysInWeek
FN:21,daysInMonths
FN:25,currentDate
FN:32,monthSelect
FN:46,yearSelect
FNF:5
FNH:5
FNDA:1,getDaysInWeek
FNDA:1,daysInMonths
FNDA:1,currentDate
FNDA:1,monthSelect
FNDA:1,yearSelect
DA:1,1
DA:3,1
DA:4,1
DA:5,1
DA:6,1
DA:7,1
DA:8,1
DA:9,1
DA:10,1
DA:13,1
DA:14,1
DA:15,1
DA:16,6
DA:18,1
DA:22,1
DA:26,1
DA:27,1
DA:28,1
DA:29,1
DA:33,1
DA:34,1
DA:35,1
DA:37,1
DA:38,12
DA:39,12
DA:40,12
DA:41,12
DA:43,1
DA:47,1
DA:48,1
DA:49,1
DA:51,1
DA:52,41
DA:53,41
DA:54,41
DA:55,41
DA:57,1
DA:60,1
LF:38
LH:38
BRDA:15,0,0,7
BRDA:15,0,1,7
BRDA:34,1,0,1
BRDA:34,1,1,0
BRDA:48,2,0,1
BRDA:48,2,1,0
BRF:6
BRH:4
end_of_record
